{"meta": {"format": 2, "version": "7.4.1", "timestamp": "2024-09-04T18:35:24.433291", "branch_coverage": false, "show_contexts": false}, "files": {"keras_nlp/__init__.py": {"executed_lines": [14, 20, 23, 24, 27, 30, 34, 42], "summary": {"covered_lines": 8, "num_statements": 12, "percent_covered": 66.66666666666667, "percent_covered_display": "67", "missing_lines": 4, "excluded_lines": 0}, "missing_lines": [35, 36, 37, 38], "excluded_lines": []}, "keras_nlp/api/__init__.py": {"executed_lines": [14, 20, 21, 22, 23, 24, 25, 26, 27], "summary": {"covered_lines": 9, "num_statements": 9, "percent_covered": 100.0, "percent_covered_display": "100", "missing_lines": 0, "excluded_lines": 0}, "missing_lines": [], "excluded_lines": []}, "keras_nlp/api/layers/__init__.py": {"executed_lines": [14, 20, 21, 24, 25, 26, 27, 30, 31, 34, 37, 38, 39, 42, 45, 46, 47], "summary": {"covered_lines": 17, "num_statements": 17, "percent_covered": 100.0, "percent_covered_display": "100", "missing_lines": 0, "excluded_lines": 0}, "missing_lines": [], "excluded_lines": []}, "keras_nlp/api/metrics/__init__.py": {"executed_lines": [14, 20, 21, 22, 23, 24], "summary": {"covered_lines": 6, "num_statements": 6, "percent_covered": 100.0, "percent_covered_display": "100", "missing_lines": 0, "excluded_lines": 0}, "missing_lines": [], "excluded_lines": []}, "keras_nlp/api/models/__init__.py": {"executed_lines": [14, 20, 21, 22, 23, 26, 27, 28, 29, 30, 31, 32, 35, 36, 37, 38, 39, 42, 43, 44, 45, 46, 49, 50, 51, 52, 53, 56, 59, 62, 65, 68, 71, 74, 77, 80, 83, 86, 89, 90, 93, 94, 95, 96, 97, 100, 101, 102, 103, 104, 107, 108, 109, 110, 111, 114, 115, 116, 117, 118, 121, 122, 123, 124, 125, 128, 131, 132, 133, 134, 137, 138, 139, 140, 141, 144, 145, 146, 147, 148, 149, 152, 155, 156, 157, 158, 161, 162, 163, 166, 169, 172, 175, 176, 177, 180, 181, 182, 183, 184, 185, 186, 189, 192, 193, 194, 195, 196, 197, 200, 201, 204, 205, 208, 211, 214, 217, 220, 223, 224], "summary": {"covered_lines": 120, "num_statements": 120, "percent_covered": 100.0, "percent_covered_display": "100", "missing_lines": 0, "excluded_lines": 0}, "missing_lines": [], "excluded_lines": []}, "keras_nlp/api/samplers/__init__.py": {"executed_lines": [14, 20, 21, 22, 23, 24, 25, 26, 27, 28, 29], "summary": {"covered_lines": 11, "num_statements": 11, "percent_covered": 100.0, "percent_covered_display": "100", "missing_lines": 0, "excluded_lines": 0}, "missing_lines": [], "excluded_lines": []}, "keras_nlp/api/tokenizers/__init__.py": {"executed_lines": [14, 20, 21, 22, 25, 28, 29, 32, 33], "summary": {"covered_lines": 9, "num_statements": 9, "percent_covered": 100.0, "percent_covered_display": "100", "missing_lines": 0, "excluded_lines": 0}, "missing_lines": [], "excluded_lines": []}, "keras_nlp/src/__init__.py": {"executed_lines": [18, 19, 23, 24, 25, 26, 27, 28, 29, 30, 31], "summary": {"covered_lines": 11, "num_statements": 13, "percent_covered": 84.61538461538461, "percent_covered_display": "85", "missing_lines": 2, "excluded_lines": 0}, "missing_lines": [20, 21], "excluded_lines": []}, "keras_nlp/src/api_export.py": {"executed_lines": [15, 17, 19, 20, 25, 26, 27, 30, 32, 33, 34, 36, 37, 38], "summary": {"covered_lines": 14, "num_statements": 22, "percent_covered": 63.63636363636363, "percent_covered_display": "64", "missing_lines": 8, "excluded_lines": 0}, "missing_lines": [21, 22, 42, 43, 44, 46, 47, 48], "excluded_lines": []}, "keras_nlp/src/layers/__init__.py": {"executed_lines": [15, 18, 19, 20, 21, 24, 25, 28, 31, 32, 33, 36, 39, 40, 41], "summary": {"covered_lines": 15, "num_statements": 15, "percent_covered": 100.0, "percent_covered_display": "100", "missing_lines": 0, "excluded_lines": 0}, "missing_lines": [], "excluded_lines": []}, "keras_nlp/src/layers/modeling/__init__.py": {"executed_lines": [1], "summary": {"covered_lines": 0, "num_statements": 0, "percent_covered": 100.0, "percent_covered_display": "100", "missing_lines": 0, "excluded_lines": 0}, "missing_lines": [], "excluded_lines": []}, "keras_nlp/src/layers/modeling/alibi_bias.py": {"executed_lines": [14, 16, 17, 19, 22, 23, 24, 71, 76, 77, 79, 80, 81, 82, 88, 89, 91, 93, 95, 96, 99, 101, 104, 106, 107, 110, 112, 115, 116, 119, 120, 122, 123, 125, 126, 133, 134, 136, 137, 138, 143], "summary": {"covered_lines": 40, "num_statements": 40, "percent_covered": 100.0, "percent_covered_display": "100", "missing_lines": 0, "excluded_lines": 0}, "missing_lines": [], "excluded_lines": []}, "keras_nlp/src/layers/modeling/cached_multi_head_attention.py": {"executed_lines": [15, 16, 18, 21, 22, 23, 81, 91, 92, 94, 102, 103, 104, 105, 106, 107, 109, 110, 111, 112, 113, 114, 116, 122, 123, 125, 133, 135, 136, 137], "summary": {"covered_lines": 29, "num_statements": 30, "percent_covered": 96.66666666666667, "percent_covered_display": "97", "missing_lines": 1, "excluded_lines": 0}, "missing_lines": [117], "excluded_lines": []}, "keras_nlp/src/layers/modeling/f_net_encoder.py": {"executed_lines": [15, 16, 18, 19, 22, 23, 24, 75, 85, 86, 87, 88, 89, 90, 91, 93, 95, 98, 103, 104, 109, 112, 120, 121, 128, 131, 136, 138, 151, 153, 155, 156, 157, 158, 160, 161, 163, 164, 165, 166, 168, 170, 174, 176, 179, 181, 182, 183, 197, 199, 200], "summary": {"covered_lines": 50, "num_statements": 50, "percent_covered": 100.0, "percent_covered_display": "100", "missing_lines": 0, "excluded_lines": 0}, "missing_lines": [], "excluded_lines": []}, "keras_nlp/src/layers/modeling/masked_lm_head.py": {"executed_lines": [15, 16, 18, 21, 22, 23, 97, 108, 110, 111, 112, 115, 116, 117, 118, 120, 121, 126, 127, 128, 134, 136, 137, 138, 140, 142, 150, 157, 158, 159, 160, 161, 162, 163, 169, 175, 177, 178, 179, 183, 190, 191, 194, 195, 197, 198, 199, 202, 203, 205, 207, 208, 209, 210, 211, 212, 214, 215, 216, 217, 218, 219, 236, 238, 239], "summary": {"covered_lines": 64, "num_statements": 66, "percent_covered": 96.96969696969697, "percent_covered_display": "97", "missing_lines": 2, "excluded_lines": 0}, "missing_lines": [186, 187], "excluded_lines": []}, "keras_nlp/src/layers/modeling/position_embedding.py": {"executed_lines": [15, 16, 18, 21, 22, 23, 74, 80, 81, 85, 86, 88, 89, 90, 96, 98, 99, 100, 106, 108, 109, 110, 111, 114, 115, 120, 122, 123], "summary": {"covered_lines": 27, "num_statements": 28, "percent_covered": 96.42857142857143, "percent_covered_display": "96", "missing_lines": 1, "excluded_lines": 0}, "missing_lines": [82], "excluded_lines": []}, "keras_nlp/src/layers/modeling/reversible_embedding.py": {"executed_lines": [15, 16, 17, 19, 20, 23, 24, 25, 90, 103, 112, 113, 114, 116, 117, 118, 122, 129, 130, 131, 132, 134, 135, 136, 137, 138, 140, 141, 142, 143, 145, 147, 148, 149, 156, 158, 159, 161, 164, 166, 167, 169, 170, 171, 172, 173, 175, 176, 178, 179, 181, 182, 183, 184, 187, 189, 190, 191, 192, 194, 195, 199, 202, 203, 207, 214, 217, 218, 219, 226, 233, 234, 235, 236, 237, 239, 240, 241, 242, 244, 245, 247, 250, 252, 254, 255, 256, 258, 259, 264, 266, 267, 268, 274, 276, 277, 278, 281, 282, 283, 284, 285, 288, 291, 292, 294, 295, 296, 304, 306, 307, 310, 311], "summary": {"covered_lines": 112, "num_statements": 120, "percent_covered": 93.33333333333333, "percent_covered_display": "93", "missing_lines": 8, "excluded_lines": 1}, "missing_lines": [160, 165, 177, 205, 248, 249, 269, 303], "excluded_lines": [260]}, "keras_nlp/src/layers/modeling/rotary_embedding.py": {"executed_lines": [15, 16, 18, 21, 22, 23, 76, 84, 85, 86, 87, 88, 89, 91, 92, 95, 98, 99, 103, 104, 109, 110, 111, 113, 114, 115, 116, 118, 119, 120, 122, 123, 125, 126, 128, 130, 131, 132, 133, 138, 140, 141, 142, 144, 145, 146, 148, 149, 153, 154, 156, 157, 158, 166, 168, 169], "summary": {"covered_lines": 55, "num_statements": 56, "percent_covered": 98.21428571428571, "percent_covered_display": "98", "missing_lines": 1, "excluded_lines": 0}, "missing_lines": [139], "excluded_lines": []}, "keras_nlp/src/layers/modeling/sine_position_encoding.py": {"executed_lines": [15, 16, 18, 21, 22, 23, 66, 71, 72, 73, 75, 76, 77, 78, 79, 80, 81, 82, 87, 89, 90, 92, 96, 98, 99, 100, 105, 107, 108], "summary": {"covered_lines": 28, "num_statements": 28, "percent_covered": 100.0, "percent_covered_display": "100", "missing_lines": 0, "excluded_lines": 0}, "missing_lines": [], "excluded_lines": []}, "keras_nlp/src/layers/modeling/token_and_position_embedding.py": {"executed_lines": [15, 17, 18, 19, 22, 25, 26, 27, 67, 77, 78, 82, 86, 90, 91, 92, 93, 96, 107, 113, 115, 116, 117, 118, 119, 121, 122, 123, 135, 137, 138, 139, 143, 144, 146, 147, 149, 150], "summary": {"covered_lines": 37, "num_statements": 40, "percent_covered": 92.5, "percent_covered_display": "92", "missing_lines": 3, "excluded_lines": 0}, "missing_lines": [79, 83, 87], "excluded_lines": []}, "keras_nlp/src/layers/modeling/transformer_decoder.py": {"executed_lines": [15, 16, 18, 19, 22, 24, 30, 31, 32, 102, 116, 117, 119, 120, 121, 122, 123, 124, 125, 126, 127, 128, 129, 130, 132, 135, 140, 141, 143, 145, 146, 154, 163, 169, 173, 178, 179, 186, 187, 188, 198, 204, 208, 213, 214, 221, 229, 230, 237, 238, 239, 240, 245, 246, 252, 254, 317, 319, 320, 321, 330, 331, 341, 342, 343, 356, 365, 368, 369, 370, 371, 379, 380, 382, 383, 384, 385, 386, 389, 391, 396, 397, 398, 399, 407, 408, 410, 411, 412, 413, 414, 417, 418, 419, 420, 421, 422, 423, 424, 425, 427, 428, 429, 431, 433, 435, 444, 447, 448, 449, 453, 454, 456, 466, 473, 474, 475, 493, 495, 496], "summary": {"covered_lines": 119, "num_statements": 125, "percent_covered": 95.2, "percent_covered_display": "95", "missing_lines": 6, "excluded_lines": 0}, "missing_lines": [133, 147, 164, 199, 346, 471], "excluded_lines": []}, "keras_nlp/src/layers/modeling/transformer_encoder.py": {"executed_lines": [15, 17, 18, 20, 25, 26, 27, 86, 98, 99, 100, 101, 102, 103, 104, 105, 106, 107, 109, 111, 113, 114, 122, 131, 137, 141, 146, 147, 154, 159, 160, 168, 169, 176, 177, 178, 179, 184, 186, 206, 209, 214, 215, 216, 217, 223, 224, 225, 226, 229, 230, 231, 232, 233, 234, 235, 236, 237, 239, 241, 242, 243, 259, 261, 262], "summary": {"covered_lines": 64, "num_statements": 66, "percent_covered": 96.96969696969697, "percent_covered_display": "97", "missing_lines": 2, "excluded_lines": 0}, "missing_lines": [115, 132], "excluded_lines": []}, "keras_nlp/src/layers/modeling/transformer_layer_utils.py": {"executed_lines": [15, 16, 19, 20, 21, 22, 23, 24, 25, 30, 31, 32, 39, 57, 58, 59, 60, 61, 63, 66, 84, 85, 86, 87, 90, 96, 99, 100, 101, 102, 105, 106], "summary": {"covered_lines": 32, "num_statements": 34, "percent_covered": 94.11764705882354, "percent_covered_display": "94", "missing_lines": 2, "excluded_lines": 0}, "missing_lines": [92, 103], "excluded_lines": []}, "keras_nlp/src/layers/preprocessing/__init__.py": {"executed_lines": [1], "summary": {"covered_lines": 0, "num_statements": 0, "percent_covered": 100.0, "percent_covered_display": "100", "missing_lines": 0, "excluded_lines": 0}, "missing_lines": [], "excluded_lines": []}, "keras_nlp/src/layers/preprocessing/masked_lm_mask_generator.py": {"executed_lines": [16, 17, 20, 22, 23, 24, 30, 31, 32, 125, 136, 138, 139, 140, 141, 142, 143, 145, 146, 150, 152, 153, 156, 161, 168, 169, 171, 181, 183, 185, 187, 188, 189, 190, 191, 193, 195, 196, 197, 198, 200, 207, 208, 209, 220], "summary": {"covered_lines": 44, "num_statements": 48, "percent_covered": 91.66666666666667, "percent_covered_display": "92", "missing_lines": 4, "excluded_lines": 0}, "missing_lines": [25, 26, 27, 155], "excluded_lines": []}, "keras_nlp/src/layers/preprocessing/multi_segment_packer.py": {"executed_lines": [15, 16, 19, 21, 22, 23, 29, 30, 31, 132, 142, 144, 145, 150, 153, 154, 155, 157, 158, 159, 160, 165, 167, 168, 169, 170, 171, 173, 174, 175, 177, 179, 180, 181, 191, 193, 196, 197, 198, 203, 206, 212, 214, 216, 217, 222, 223, 226, 227, 233, 240, 241, 242, 243, 244, 246, 249, 252, 255, 256, 258, 259, 260, 261, 262, 263, 265, 267, 270, 273, 274, 275, 276, 278, 279, 281, 282, 283, 285, 292, 294, 295, 301, 302, 303, 306, 308, 309, 310, 312, 314], "summary": {"covered_lines": 90, "num_statements": 104, "percent_covered": 86.53846153846153, "percent_covered_display": "87", "missing_lines": 14, "excluded_lines": 0}, "missing_lines": [24, 25, 26, 146, 161, 199, 207, 208, 231, 315, 316, 317, 318, 319], "excluded_lines": []}, "keras_nlp/src/layers/preprocessing/preprocessing_layer.py": {"executed_lines": [15, 16, 18, 19, 23, 24, 29, 30, 32, 33, 35, 36, 37, 39, 42, 43, 45, 48, 49, 55, 56, 57, 58, 62], "summary": {"covered_lines": 23, "num_statements": 26, "percent_covered": 88.46153846153847, "percent_covered_display": "88", "missing_lines": 3, "excluded_lines": 0}, "missing_lines": [25, 26, 40], "excluded_lines": []}, "keras_nlp/src/layers/preprocessing/random_deletion.py": {"executed_lines": [15, 17, 18, 21, 22, 23, 25, 26, 31, 32, 33, 119, 131, 137, 139, 140, 141, 142, 143, 144, 145, 146, 152, 158, 164, 165, 173, 174, 176, 177, 178, 179, 180, 183, 185, 186, 188, 191, 193, 199, 200, 201, 202, 203, 204, 209, 210, 216, 217, 218, 221, 226, 233, 237, 238, 239, 240, 241, 242, 245, 247, 249, 250, 252, 254, 255, 256, 266, 268], "summary": {"covered_lines": 68, "num_statements": 81, "percent_covered": 83.95061728395062, "percent_covered_display": "84", "missing_lines": 13, "excluded_lines": 0}, "missing_lines": [27, 28, 132, 147, 153, 159, 189, 222, 223, 224, 269, 270, 271], "excluded_lines": []}, "keras_nlp/src/layers/preprocessing/random_swap.py": {"executed_lines": [15, 17, 18, 21, 22, 23, 25, 26, 31, 32, 33, 121, 133, 139, 141, 142, 143, 144, 145, 146, 147, 148, 154, 160, 161, 169, 170, 172, 173, 174, 175, 176, 179, 181, 182, 184, 187, 189, 195, 197, 198, 199, 200, 204, 205, 211, 212, 213, 216, 218, 237, 244, 246, 247, 248, 250, 251, 252, 262, 264], "summary": {"covered_lines": 59, "num_statements": 74, "percent_covered": 79.72972972972973, "percent_covered_display": "80", "missing_lines": 15, "excluded_lines": 0}, "missing_lines": [27, 28, 134, 149, 155, 185, 219, 220, 221, 228, 230, 235, 265, 266, 267], "excluded_lines": []}, "keras_nlp/src/layers/preprocessing/start_end_packer.py": {"executed_lines": [16, 17, 20, 22, 23, 28, 29, 30, 120, 130, 132, 135, 136, 138, 139, 140, 141, 142, 146, 148, 149, 151, 152, 154, 155, 157, 164, 166, 168, 169, 170, 173, 174, 175, 178, 179, 180, 181, 185, 186, 189, 193, 195, 196, 197, 198, 199, 201, 203, 204, 205, 214, 216], "summary": {"covered_lines": 52, "num_statements": 57, "percent_covered": 91.2280701754386, "percent_covered_display": "91", "missing_lines": 5, "excluded_lines": 0}, "missing_lines": [24, 25, 217, 218, 219], "excluded_lines": []}, "keras_nlp/src/metrics/__init__.py": {"executed_lines": [15, 16, 17, 18, 19], "summary": {"covered_lines": 5, "num_statements": 5, "percent_covered": 100.0, "percent_covered_display": "100", "missing_lines": 0, "excluded_lines": 0}, "missing_lines": [], "excluded_lines": []}, "keras_nlp/src/metrics/bleu.py": {"executed_lines": [15, 16, 18, 19, 21, 22, 23, 25, 26, 31, 42, 58, 59, 60, 109, 118, 120, 126, 127, 128, 130, 136, 142, 148, 154, 161, 166, 167, 169, 170, 177, 178, 180, 192, 193, 194, 195, 196, 197, 199, 235, 238, 239, 241, 242, 243, 246, 247, 248, 249, 250, 251, 252, 253, 255, 256, 257, 258, 262, 263, 270, 271, 272, 276, 278, 279, 283, 285, 293, 294, 295, 296, 297, 299, 300, 301, 302, 304, 320, 328, 329, 330, 331, 333, 334, 335, 336, 337, 338, 343, 350, 351, 354, 355, 357, 365, 366, 367, 368, 369, 371, 372, 374, 375, 378, 381, 382, 383, 385, 386, 387, 394], "summary": {"covered_lines": 111, "num_statements": 119, "percent_covered": 93.27731092436974, "percent_covered_display": "93", "missing_lines": 8, "excluded_lines": 0}, "missing_lines": [27, 28, 121, 268, 274, 281, 339, 345], "excluded_lines": []}, "keras_nlp/src/metrics/edit_distance.py": {"executed_lines": [15, 17, 18, 20, 21, 26, 27, 28, 85, 92, 94, 100, 102, 108, 109, 116, 123, 124, 125, 126, 128, 129, 130, 131, 138, 139, 141, 142, 146, 167, 173, 174, 175, 176, 177, 181, 183, 187, 188, 189, 190, 194, 195, 196, 197], "summary": {"covered_lines": 44, "num_statements": 58, "percent_covered": 75.86206896551724, "percent_covered_display": "76", "missing_lines": 14, "excluded_lines": 0}, "missing_lines": [22, 23, 95, 133, 147, 149, 150, 152, 160, 163, 164, 165, 182, 192], "excluded_lines": []}, "keras_nlp/src/metrics/perplexity.py": {"executed_lines": [15, 16, 18, 19, 22, 23, 24, 84, 92, 98, 100, 104, 105, 107, 113, 120, 123, 124, 126, 127, 129, 131, 132, 136, 137, 139, 142, 148, 149, 153, 158, 159, 161, 162, 167, 169, 170, 171, 173, 174, 175, 181], "summary": {"covered_lines": 41, "num_statements": 42, "percent_covered": 97.61904761904762, "percent_covered_display": "98", "missing_lines": 1, "excluded_lines": 0}, "missing_lines": [93], "excluded_lines": []}, "keras_nlp/src/metrics/rouge_base.py": {"executed_lines": [15, 16, 18, 19, 21, 22, 26, 27, 32, 33, 56, 64, 66, 72, 78, 87, 88, 92, 97, 103, 109, 116, 123, 128, 129, 130, 132, 133, 134, 135, 136, 137, 143, 150, 151, 153, 155, 156, 157, 158, 161, 163, 164, 165, 166, 167, 169, 173, 174, 175, 181, 182, 183, 184, 190, 191, 192, 193, 194, 196, 197, 198, 204], "summary": {"covered_lines": 62, "num_statements": 71, "percent_covered": 87.32394366197182, "percent_covered_display": "87", "missing_lines": 9, "excluded_lines": 0}, "missing_lines": [23, 24, 28, 29, 67, 73, 81, 138, 145], "excluded_lines": []}, "keras_nlp/src/metrics/rouge_l.py": {"executed_lines": [15, 16, 19, 20, 21, 81, 87, 94, 95, 96, 97], "summary": {"covered_lines": 10, "num_statements": 10, "percent_covered": 100.0, "percent_covered_display": "100", "missing_lines": 0, "excluded_lines": 0}, "missing_lines": [], "excluded_lines": []}, "keras_nlp/src/metrics/rouge_n.py": {"executed_lines": [15, 16, 19, 20, 21, 94, 101, 102, 107, 114, 116, 117, 118, 120, 125], "summary": {"covered_lines": 14, "num_statements": 14, "percent_covered": 100.0, "percent_covered_display": "100", "missing_lines": 0, "excluded_lines": 0}, "missing_lines": [], "excluded_lines": []}, "keras_nlp/src/models/__init__.py": {"executed_lines": [15, 16, 17, 18, 21, 22, 23, 24, 25, 26, 27, 30, 31, 32, 33, 34, 37, 38, 39, 40, 41, 44, 45, 46, 47, 48, 51, 54, 57, 60, 63, 66, 69, 72, 75, 78, 81, 84, 85, 88, 89, 90, 91, 92, 95, 96, 97, 98, 99, 100, 101, 102, 105, 106, 107, 108, 109, 112, 113, 114, 115, 116, 119, 122, 123, 124, 125, 128, 129, 130, 131, 132, 133, 136, 139, 140, 141, 142, 145, 146, 147, 148, 149, 152, 153, 154, 155, 156, 157, 158, 161, 164, 165, 166, 167, 168, 169, 172, 173, 176, 177, 180, 183, 186, 189, 192, 195, 196], "summary": {"covered_lines": 108, "num_statements": 108, "percent_covered": 100.0, "percent_covered_display": "100", "missing_lines": 0, "excluded_lines": 0}, "missing_lines": [], "excluded_lines": []}, "keras_nlp/src/models/albert/__init__.py": {"executed_lines": [15, 16, 17, 18, 20], "summary": {"covered_lines": 5, "num_statements": 5, "percent_covered": 100.0, "percent_covered_display": "100", "missing_lines": 0, "excluded_lines": 0}, "missing_lines": [], "excluded_lines": []}, "keras_nlp/src/models/albert/albert_backbone.py": {"executed_lines": [15, 17, 18, 19, 22, 23, 24, 27, 28, 31, 32, 33, 103, 119, 120, 126, 133, 139, 146, 150, 156, 161, 167, 168, 169, 170, 171, 181, 182, 183, 193, 196, 199, 203, 204, 205, 207, 208, 209, 210, 212, 213, 214, 215, 216, 219, 220, 221, 222, 237, 238, 239, 240, 241, 242, 243, 244, 245, 246, 247, 248, 250, 251, 252, 267], "summary": {"covered_lines": 64, "num_statements": 64, "percent_covered": 100.0, "percent_covered_display": "100", "missing_lines": 0, "excluded_lines": 0}, "missing_lines": [], "excluded_lines": []}, "keras_nlp/src/models/albert/albert_classifier.py": {"executed_lines": [15, 17, 18, 19, 22, 23, 26, 27, 28, 148, 149, 151, 161, 162, 163, 170, 177, 178, 179, 180, 181, 188, 189, 190, 192, 193, 194, 202], "summary": {"covered_lines": 27, "num_statements": 27, "percent_covered": 100.0, "percent_covered_display": "100", "missing_lines": 0, "excluded_lines": 0}, "missing_lines": [], "excluded_lines": []}, "keras_nlp/src/models/albert/albert_masked_lm.py": {"executed_lines": [15, 17, 18, 19, 20, 23, 26, 27, 30, 31, 32, 98, 99, 101, 103, 104, 105, 115, 121, 122, 125], "summary": {"covered_lines": 20, "num_statements": 20, "percent_covered": 100.0, "percent_covered_display": "100", "missing_lines": 0, "excluded_lines": 0}, "missing_lines": [], "excluded_lines": []}, "keras_nlp/src/models/albert/albert_masked_lm_preprocessor.py": {"executed_lines": [15, 16, 18, 19, 22, 25, 26, 27, 117, 128, 134, 135, 136, 137, 138, 140, 141, 144, 158, 159, 160, 168, 170, 171, 179, 180, 185, 186, 192, 193, 194], "summary": {"covered_lines": 30, "num_statements": 31, "percent_covered": 96.7741935483871, "percent_covered_display": "97", "missing_lines": 1, "excluded_lines": 0}, "missing_lines": [172], "excluded_lines": []}, "keras_nlp/src/models/albert/albert_preprocessor.py": {"executed_lines": [15, 17, 18, 21, 22, 23, 28, 29, 30, 149, 151, 158, 159, 160, 161, 162, 164, 167, 174, 176, 177, 178, 184, 186, 187, 188, 189, 190, 195, 197, 198, 200, 202, 203, 204, 205, 206], "summary": {"covered_lines": 36, "num_statements": 36, "percent_covered": 100.0, "percent_covered_display": "100", "missing_lines": 0, "excluded_lines": 0}, "missing_lines": [], "excluded_lines": []}, "keras_nlp/src/models/albert/albert_presets.py": {"executed_lines": [14, 17], "summary": {"covered_lines": 2, "num_statements": 2, "percent_covered": 100.0, "percent_covered_display": "100", "missing_lines": 0, "excluded_lines": 0}, "missing_lines": [], "excluded_lines": []}, "keras_nlp/src/models/albert/albert_tokenizer.py": {"executed_lines": [15, 16, 21, 22, 23, 87, 88, 89, 90, 91, 93, 95, 96, 97, 98, 104, 105, 111, 112, 113, 114, 116, 117, 118, 119], "summary": {"covered_lines": 24, "num_statements": 24, "percent_covered": 100.0, "percent_covered_display": "100", "missing_lines": 0, "excluded_lines": 0}, "missing_lines": [], "excluded_lines": []}, "keras_nlp/src/models/backbone.py": {"executed_lines": [15, 17, 19, 20, 21, 22, 23, 24, 25, 26, 27, 28, 29, 30, 31, 32, 33, 36, 37, 38, 73, 74, 75, 78, 79, 80, 81, 88, 92, 93, 94, 95, 97, 99, 100, 105, 107, 108, 109, 111, 115, 118, 124, 125, 128, 130, 131, 132, 134, 139, 141, 142, 145, 147, 148, 150, 151, 152, 153, 155, 156, 203, 205, 206, 208, 209, 210, 216, 217, 218, 219, 221, 223, 229, 230, 231, 233, 240, 241, 242, 243, 244, 245, 246, 247, 248, 249, 250, 251, 252, 253, 254, 256, 257, 258, 262, 263, 268, 269, 270, 274, 275, 276, 279, 280, 281, 282, 283, 285, 286, 287, 288, 290, 293, 294, 300, 301, 302, 303, 304, 305, 306, 307, 308], "summary": {"covered_lines": 123, "num_statements": 135, "percent_covered": 91.11111111111111, "percent_covered_display": "91", "missing_lines": 12, "excluded_lines": 0}, "missing_lines": [83, 84, 85, 86, 96, 112, 113, 133, 135, 137, 138, 291], "excluded_lines": []}, "keras_nlp/src/models/bart/__init__.py": {"executed_lines": [15, 16, 17, 18, 20], "summary": {"covered_lines": 5, "num_statements": 5, "percent_covered": 100.0, "percent_covered_display": "100", "missing_lines": 0, "excluded_lines": 0}, "missing_lines": [], "excluded_lines": []}, "keras_nlp/src/models/bart/bart_backbone.py": {"executed_lines": [15, 17, 18, 19, 22, 23, 24, 27, 28, 31, 32, 33, 97, 110, 117, 123, 127, 133, 138, 139, 140, 150, 151, 157, 161, 167, 172, 173, 174, 184, 187, 190, 193, 196, 200, 201, 202, 203, 204, 205, 206, 207, 209, 210, 211, 212, 213, 214, 215, 221, 223, 239, 240, 241, 242, 243, 244, 245, 247, 248, 249, 261], "summary": {"covered_lines": 61, "num_statements": 61, "percent_covered": 100.0, "percent_covered_display": "100", "missing_lines": 0, "excluded_lines": 0}, "missing_lines": [], "excluded_lines": []}, "keras_nlp/src/models/bart/bart_preprocessor.py": {"executed_lines": [16, 18, 19, 20, 21, 22, 27, 28, 29, 132, 134, 141, 142, 143, 144, 145, 146, 148, 155, 165, 175, 177, 188, 197, 198, 199, 200, 201, 203, 204, 206, 207, 209, 216, 217, 222, 223, 228, 235, 237, 238, 239, 245, 247, 248, 250, 252, 253, 254, 255, 258, 259, 261, 263, 264, 265, 266, 267, 269, 270, 272, 274, 275, 276], "summary": {"covered_lines": 63, "num_statements": 66, "percent_covered": 95.45454545454545, "percent_covered_display": "95", "missing_lines": 3, "excluded_lines": 0}, "missing_lines": [192, 210, 256], "excluded_lines": []}, "keras_nlp/src/models/bart/bart_presets.py": {"executed_lines": [14, 16], "summary": {"covered_lines": 2, "num_statements": 2, "percent_covered": 100.0, "percent_covered_display": "100", "missing_lines": 0, "excluded_lines": 0}, "missing_lines": [], "excluded_lines": []}, "keras_nlp/src/models/bart/bart_seq_2_seq_lm.py": {"executed_lines": [16, 18, 19, 20, 23, 24, 27, 28, 29, 180, 181, 183, 190, 191, 194, 195, 196, 197, 203, 310, 321, 346, 379], "summary": {"covered_lines": 22, "num_statements": 91, "percent_covered": 24.175824175824175, "percent_covered_display": "24", "missing_lines": 69, "excluded_lines": 0}, "missing_lines": [261, 262, 267, 268, 269, 273, 274, 275, 276, 277, 278, 291, 292, 293, 294, 296, 297, 298, 299, 301, 302, 303, 312, 313, 314, 315, 316, 317, 318, 319, 323, 324, 325, 327, 328, 329, 331, 339, 341, 342, 344, 350, 353, 358, 372, 400, 412, 415, 424, 426, 428, 430, 431, 432, 434, 436, 437, 438, 440, 449, 455, 467, 470, 475, 477, 478, 480, 483, 487], "excluded_lines": []}, "keras_nlp/src/models/bart/bart_seq_2_seq_lm_preprocessor.py": {"executed_lines": [16, 17, 19, 20, 21, 24, 26, 27, 32, 33, 34, 128, 139, 147, 148, 149, 150, 151, 153, 158, 159, 162, 169, 170, 171, 173, 194, 195, 197, 198, 199, 201, 203, 205, 206, 207, 208, 209, 213, 216, 217, 223, 226, 227, 233, 240, 250, 251, 253, 257, 261, 262], "summary": {"covered_lines": 51, "num_statements": 54, "percent_covered": 94.44444444444444, "percent_covered_display": "94", "missing_lines": 3, "excluded_lines": 0}, "missing_lines": [28, 29, 140], "excluded_lines": []}, "keras_nlp/src/models/bart/bart_tokenizer.py": {"executed_lines": [16, 17, 20, 21, 22, 76, 82, 83, 84, 86, 97, 98, 100, 102, 103, 110, 111, 112, 114, 115, 116, 118, 119, 123, 124], "summary": {"covered_lines": 24, "num_statements": 25, "percent_covered": 96.0, "percent_covered_display": "96", "missing_lines": 1, "excluded_lines": 0}, "missing_lines": [104], "excluded_lines": []}, "keras_nlp/src/models/bert/__init__.py": {"executed_lines": [15, 16, 17, 18, 19, 20, 22, 23], "summary": {"covered_lines": 8, "num_statements": 8, "percent_covered": 100.0, "percent_covered_display": "100", "missing_lines": 0, "excluded_lines": 0}, "missing_lines": [], "excluded_lines": []}, "keras_nlp/src/models/bert/bert_backbone.py": {"executed_lines": [15, 17, 18, 19, 22, 23, 24, 27, 28, 31, 32, 33, 93, 107, 114, 120, 127, 131, 137, 142, 143, 144, 154, 155, 164, 167, 170, 174, 175, 176, 178, 179, 180, 181, 182, 185, 186, 187, 188, 203, 204, 205, 206, 207, 208, 209, 210, 211, 213, 214, 215, 227], "summary": {"covered_lines": 51, "num_statements": 51, "percent_covered": 100.0, "percent_covered_display": "100", "missing_lines": 0, "excluded_lines": 0}, "missing_lines": [], "excluded_lines": []}, "keras_nlp/src/models/bert/bert_classifier.py": {"executed_lines": [15, 17, 18, 19, 20, 21, 24, 25, 26, 130, 131, 133, 143, 144, 145, 150, 159, 160, 161, 162, 163, 170, 171, 172, 174, 175, 176, 183], "summary": {"covered_lines": 27, "num_statements": 27, "percent_covered": 100.0, "percent_covered_display": "100", "missing_lines": 0, "excluded_lines": 0}, "missing_lines": [], "excluded_lines": []}, "keras_nlp/src/models/bert/bert_masked_lm.py": {"executed_lines": [15, 17, 18, 19, 20, 21, 24, 27, 28, 29, 95, 96, 98, 105, 106, 107, 117, 123, 124, 127], "summary": {"covered_lines": 19, "num_statements": 19, "percent_covered": 100.0, "percent_covered_display": "100", "missing_lines": 0, "excluded_lines": 0}, "missing_lines": [], "excluded_lines": []}, "keras_nlp/src/models/bert/bert_masked_lm_preprocessor.py": {"executed_lines": [15, 16, 18, 19, 22, 25, 26, 27, 120, 131, 137, 138, 139, 140, 141, 143, 144, 147, 161, 162, 170, 172, 177, 178, 184, 185, 186, 188, 189, 190, 198], "summary": {"covered_lines": 30, "num_statements": 31, "percent_covered": 96.7741935483871, "percent_covered_display": "97", "missing_lines": 1, "excluded_lines": 0}, "missing_lines": [163], "excluded_lines": []}, "keras_nlp/src/models/bert/bert_preprocessor.py": {"executed_lines": [15, 17, 18, 21, 22, 23, 28, 29, 30, 127, 129, 136, 137, 138, 139, 140, 142, 145, 152, 154, 155, 156, 157, 158, 163, 165, 166, 167, 173, 175, 176, 178, 180, 181, 182, 183, 184], "summary": {"covered_lines": 36, "num_statements": 36, "percent_covered": 100.0, "percent_covered_display": "100", "missing_lines": 0, "excluded_lines": 0}, "missing_lines": [], "excluded_lines": []}, "keras_nlp/src/models/bert/bert_presets.py": {"executed_lines": [14, 16, 134], "summary": {"covered_lines": 3, "num_statements": 3, "percent_covered": 100.0, "percent_covered_display": "100", "missing_lines": 0, "excluded_lines": 0}, "missing_lines": [], "excluded_lines": []}, "keras_nlp/src/models/bert/bert_tokenizer.py": {"executed_lines": [15, 16, 19, 20, 21, 71, 78, 79, 80, 81, 82, 95, 96, 98, 99, 100, 101, 102, 104, 105, 106, 107, 109, 110, 111, 112], "summary": {"covered_lines": 25, "num_statements": 25, "percent_covered": 100.0, "percent_covered_display": "100", "missing_lines": 0, "excluded_lines": 0}, "missing_lines": [], "excluded_lines": []}, "keras_nlp/src/models/bloom/__init__.py": {"executed_lines": [15, 16, 17, 18, 20], "summary": {"covered_lines": 5, "num_statements": 5, "percent_covered": 100.0, "percent_covered_display": "100", "missing_lines": 0, "excluded_lines": 0}, "missing_lines": [], "excluded_lines": []}, "keras_nlp/src/models/bloom/bloom_attention.py": {"executed_lines": [14, 16, 17, 19, 20, 23, 24, 32, 33, 34, 35, 36, 38, 39, 41, 44, 46, 55, 57, 66, 68, 77, 79, 83, 90, 92, 97, 102, 104, 111, 113, 114, 115, 117, 118, 119, 120, 124, 125, 126, 127, 129, 137, 139, 141, 143, 146, 147, 150, 152, 156, 159, 164, 165, 167, 168, 170, 172], "summary": {"covered_lines": 58, "num_statements": 64, "percent_covered": 90.625, "percent_covered_display": "91", "missing_lines": 6, "excluded_lines": 0}, "missing_lines": [121, 122, 130, 173, 174, 186], "excluded_lines": []}, "keras_nlp/src/models/bloom/bloom_backbone.py": {"executed_lines": [15, 17, 18, 21, 22, 25, 26, 29, 30, 31, 87, 100, 107, 112, 113, 114, 122, 123, 130, 133, 136, 137, 138, 139, 140, 141, 152, 153, 154, 155, 156, 157, 158, 160, 161, 162, 173], "summary": {"covered_lines": 36, "num_statements": 36, "percent_covered": 100.0, "percent_covered_display": "100", "missing_lines": 0, "excluded_lines": 0}, "missing_lines": [], "excluded_lines": []}, "keras_nlp/src/models/bloom/bloom_causal_lm.py": {"executed_lines": [16, 18, 19, 20, 23, 24, 27, 28, 29, 147, 148, 150, 157, 158, 161, 162, 163, 164, 170, 212, 225], "summary": {"covered_lines": 20, "num_statements": 59, "percent_covered": 33.898305084745765, "percent_covered_display": "34", "missing_lines": 39, "excluded_lines": 0}, "missing_lines": [195, 196, 198, 199, 200, 201, 206, 207, 208, 209, 210, 214, 215, 216, 217, 218, 219, 220, 222, 223, 243, 245, 247, 249, 251, 253, 254, 255, 256, 261, 267, 279, 282, 286, 288, 289, 291, 294, 295], "excluded_lines": []}, "keras_nlp/src/models/bloom/bloom_causal_lm_preprocessor.py": {"executed_lines": [15, 16, 18, 19, 20, 23, 26, 27, 28, 94, 101, 108, 110, 111, 113, 120, 125, 126, 128, 144, 145, 147, 148, 149, 152, 157, 167, 168, 170, 171, 175, 176], "summary": {"covered_lines": 31, "num_statements": 32, "percent_covered": 96.875, "percent_covered_display": "97", "missing_lines": 1, "excluded_lines": 0}, "missing_lines": [102], "excluded_lines": []}, "keras_nlp/src/models/bloom/bloom_decoder.py": {"executed_lines": [16, 17, 19, 22, 25, 26, 29, 30, 40, 42, 43, 44, 45, 46, 47, 49, 50, 51, 53, 59, 64, 66, 74, 76, 81, 83, 90, 92, 99, 100, 101, 103, 107, 109, 118, 127, 128, 130, 137, 138, 140, 142, 143, 144, 145, 146, 147, 148, 149, 151, 152, 154, 156, 165, 168, 169, 170, 171, 172, 174, 180, 187, 205, 206], "summary": {"covered_lines": 64, "num_statements": 69, "percent_covered": 92.7536231884058, "percent_covered_display": "93", "missing_lines": 5, "excluded_lines": 0}, "missing_lines": [54, 185, 188, 189, 203], "excluded_lines": []}, "keras_nlp/src/models/bloom/bloom_preprocessor.py": {"executed_lines": [16, 18, 19, 20, 21, 22, 27, 28, 29, 108, 110, 118, 119, 120, 121, 122, 123, 125, 128, 135, 137, 144, 145, 152, 153, 159, 163, 165, 166, 167, 174, 176, 177, 179, 181, 182, 183, 184, 185], "summary": {"covered_lines": 38, "num_statements": 39, "percent_covered": 97.43589743589743, "percent_covered_display": "97", "missing_lines": 1, "excluded_lines": 0}, "missing_lines": [146], "excluded_lines": []}, "keras_nlp/src/models/bloom/bloom_presets.py": {"executed_lines": [14, 16], "summary": {"covered_lines": 2, "num_statements": 2, "percent_covered": 100.0, "percent_covered_display": "100", "missing_lines": 0, "excluded_lines": 0}, "missing_lines": [], "excluded_lines": []}, "keras_nlp/src/models/bloom/bloom_tokenizer.py": {"executed_lines": [16, 17, 20, 21, 22, 68, 74, 75, 76, 78, 89, 90, 92, 94, 95, 102, 103, 104, 106, 107, 108, 110, 111, 115, 116], "summary": {"covered_lines": 24, "num_statements": 25, "percent_covered": 96.0, "percent_covered_display": "96", "missing_lines": 1, "excluded_lines": 0}, "missing_lines": [96], "excluded_lines": []}, "keras_nlp/src/models/causal_lm.py": {"executed_lines": [15, 16, 18, 19, 20, 22, 23, 24, 25, 27, 28, 33, 34, 35, 74, 75, 77, 79, 126, 127, 128, 129, 130, 131, 132, 138, 140, 142, 146, 148, 149, 151, 152, 163, 166, 167, 225, 227, 237, 239, 242, 243, 244, 245, 247, 248, 249, 251, 253, 254, 255, 257, 261, 263, 276, 277, 283, 284, 285, 286, 287, 288, 289, 291, 292, 293, 294, 295, 296, 298, 343, 345, 353, 354, 356, 357, 361, 362, 364, 365, 368, 370, 371, 376, 378, 380, 381, 383], "summary": {"covered_lines": 87, "num_statements": 126, "percent_covered": 69.04761904761905, "percent_covered_display": "69", "missing_lines": 39, "excluded_lines": 1}, "missing_lines": [29, 30, 153, 155, 159, 160, 162, 170, 171, 173, 174, 175, 180, 186, 187, 190, 191, 192, 193, 194, 196, 200, 201, 204, 211, 212, 219, 220, 221, 223, 240, 278, 279, 280, 281, 282, 346, 372, 373], "excluded_lines": [144]}, "keras_nlp/src/models/classifier.py": {"executed_lines": [14, 16, 17, 20, 21, 22, 55, 56, 58, 60, 95, 96, 97, 98, 99, 100, 101, 102, 103, 104], "summary": {"covered_lines": 19, "num_statements": 19, "percent_covered": 100.0, "percent_covered_display": "100", "missing_lines": 0, "excluded_lines": 0}, "missing_lines": [], "excluded_lines": []}, "keras_nlp/src/models/deberta_v3/__init__.py": {"executed_lines": [15, 18, 19, 22, 24], "summary": {"covered_lines": 5, "num_statements": 5, "percent_covered": 100.0, "percent_covered_display": "100", "missing_lines": 0, "excluded_lines": 0}, "missing_lines": [], "excluded_lines": []}, "keras_nlp/src/models/deberta_v3/deberta_v3_backbone.py": {"executed_lines": [16, 18, 19, 22, 23, 26, 29, 30, 33, 34, 35, 103, 117, 124, 129, 134, 142, 143, 144, 156, 159, 162, 165, 166, 167, 168, 169, 170, 175, 186, 187, 188, 189, 190, 191, 192, 193, 194, 196, 197, 198, 210], "summary": {"covered_lines": 41, "num_statements": 41, "percent_covered": 100.0, "percent_covered_display": "100", "missing_lines": 0, "excluded_lines": 0}, "missing_lines": [], "excluded_lines": []}, "keras_nlp/src/models/deberta_v3/deberta_v3_classifier.py": {"executed_lines": [16, 18, 19, 20, 23, 26, 31, 32, 33, 156, 157, 159, 170, 171, 172, 177, 178, 184, 189, 198, 199, 200, 201, 202, 203, 204, 211, 212, 213, 214, 215, 216, 218, 219, 220, 228], "summary": {"covered_lines": 35, "num_statements": 35, "percent_covered": 100.0, "percent_covered_display": "100", "missing_lines": 0, "excluded_lines": 0}, "missing_lines": [], "excluded_lines": []}, "keras_nlp/src/models/deberta_v3/deberta_v3_masked_lm.py": {"executed_lines": [16, 18, 19, 20, 23, 26, 29, 32, 33, 34, 101, 102, 104, 111, 112, 113, 123, 129, 130, 131], "summary": {"covered_lines": 19, "num_statements": 19, "percent_covered": 100.0, "percent_covered_display": "100", "missing_lines": 0, "excluded_lines": 0}, "missing_lines": [], "excluded_lines": []}, "keras_nlp/src/models/deberta_v3/deberta_v3_masked_lm_preprocessor.py": {"executed_lines": [15, 16, 18, 19, 22, 27, 28, 29, 118, 129, 136, 137, 138, 139, 140, 142, 143, 146, 160, 161, 162, 170, 172, 173, 181, 182, 183, 184, 189, 190, 191], "summary": {"covered_lines": 30, "num_statements": 31, "percent_covered": 96.7741935483871, "percent_covered_display": "97", "missing_lines": 1, "excluded_lines": 0}, "missing_lines": [174], "excluded_lines": []}, "keras_nlp/src/models/deberta_v3/deberta_v3_preprocessor.py": {"executed_lines": [16, 18, 19, 22, 25, 26, 31, 32, 33, 150, 152, 159, 160, 161, 162, 163, 165, 168, 175, 177, 178, 179, 185, 187, 188, 189, 190, 191, 195, 197, 198, 200, 202, 203, 204, 205, 206], "summary": {"covered_lines": 36, "num_statements": 36, "percent_covered": 100.0, "percent_covered_display": "100", "missing_lines": 0, "excluded_lines": 0}, "missing_lines": [], "excluded_lines": []}, "keras_nlp/src/models/deberta_v3/deberta_v3_presets.py": {"executed_lines": [14, 16], "summary": {"covered_lines": 2, "num_statements": 2, "percent_covered": 100.0, "percent_covered_display": "100", "missing_lines": 0, "excluded_lines": 0}, "missing_lines": [], "excluded_lines": []}, "keras_nlp/src/models/deberta_v3/deberta_v3_tokenizer.py": {"executed_lines": [16, 17, 21, 22, 27, 28, 29, 97, 98, 99, 100, 101, 103, 105, 106, 107, 108, 109, 110, 116, 117, 118, 121, 122, 124, 126, 127, 128, 129, 131, 132, 133, 135, 137, 138, 139, 140, 143, 144, 145, 148, 149, 150, 151, 153, 154, 155], "summary": {"covered_lines": 46, "num_statements": 51, "percent_covered": 90.19607843137256, "percent_covered_display": "90", "missing_lines": 5, "excluded_lines": 0}, "missing_lines": [23, 24, 134, 141, 146], "excluded_lines": []}, "keras_nlp/src/models/deberta_v3/disentangled_attention_encoder.py": {"executed_lines": [15, 17, 20, 22, 27, 28, 64, 77, 78, 79, 80, 81, 82, 83, 84, 85, 86, 87, 88, 90, 92, 95, 106, 107, 112, 113, 120, 125, 126, 134, 135, 142, 143, 144, 145, 150, 152, 177, 180, 185, 186, 191, 192, 193, 196, 197, 198, 199, 200, 201, 203, 205, 226, 227], "summary": {"covered_lines": 53, "num_statements": 56, "percent_covered": 94.64285714285714, "percent_covered_display": "95", "missing_lines": 3, "excluded_lines": 0}, "missing_lines": [206, 207, 224], "excluded_lines": []}, "keras_nlp/src/models/deberta_v3/disentangled_self_attention.py": {"executed_lines": [15, 17, 18, 20, 23, 24, 50, 61, 64, 65, 66, 67, 68, 71, 72, 75, 78, 79, 83, 85, 93, 94, 102, 103, 111, 114, 119, 124, 131, 139, 140, 142, 143, 145, 146, 148, 149, 150, 152, 154, 161, 162, 163, 166, 169, 171, 187, 192, 194, 199, 205, 206, 208, 211, 214, 218, 220, 221, 222, 223, 224, 227, 233, 234, 235, 236, 237, 238, 239, 240, 242, 244, 249, 251, 253, 254, 255, 256, 257, 258, 260, 261, 263, 264, 266, 274, 275, 277, 279, 280, 282, 283, 286, 291, 292, 302, 304, 306, 317, 318, 321, 326, 327, 336, 338, 340, 351, 352, 353, 355, 357, 367, 368, 369, 371, 381, 389, 391, 393, 395], "summary": {"covered_lines": 119, "num_statements": 125, "percent_covered": 95.2, "percent_covered_display": "95", "missing_lines": 6, "excluded_lines": 0}, "missing_lines": [312, 346, 392, 396, 397, 412], "excluded_lines": []}, "keras_nlp/src/models/deberta_v3/relative_embedding.py": {"executed_lines": [15, 16, 19, 20, 39, 47, 49, 50, 51, 52, 54, 59, 65, 66, 68, 71, 75, 77, 79, 93, 94], "summary": {"covered_lines": 20, "num_statements": 23, "percent_covered": 86.95652173913044, "percent_covered_display": "87", "missing_lines": 3, "excluded_lines": 0}, "missing_lines": [80, 81, 91], "excluded_lines": []}, "keras_nlp/src/models/distil_bert/__init__.py": {"executed_lines": [15, 18, 21, 24, 26], "summary": {"covered_lines": 5, "num_statements": 5, "percent_covered": 100.0, "percent_covered_display": "100", "missing_lines": 0, "excluded_lines": 0}, "missing_lines": [], "excluded_lines": []}, "keras_nlp/src/models/distil_bert/distil_bert_backbone.py": {"executed_lines": [16, 18, 19, 22, 23, 26, 27, 30, 31, 32, 94, 107, 116, 117, 123, 128, 129, 130, 140, 143, 146, 149, 150, 151, 152, 153, 154, 165, 166, 167, 168, 169, 170, 171, 172, 174, 175, 176, 187], "summary": {"covered_lines": 38, "num_statements": 38, "percent_covered": 100.0, "percent_covered_display": "100", "missing_lines": 0, "excluded_lines": 0}, "missing_lines": [], "excluded_lines": []}, "keras_nlp/src/models/distil_bert/distil_bert_classifier.py": {"executed_lines": [16, 18, 19, 20, 23, 26, 31, 32, 33, 143, 144, 146, 157, 158, 159, 160, 167, 172, 181, 182, 183, 184, 185, 186, 193, 194, 195, 196, 198, 199, 200, 208], "summary": {"covered_lines": 31, "num_statements": 31, "percent_covered": 100.0, "percent_covered_display": "100", "missing_lines": 0, "excluded_lines": 0}, "missing_lines": [], "excluded_lines": []}, "keras_nlp/src/models/distil_bert/distil_bert_masked_lm.py": {"executed_lines": [16, 18, 19, 20, 23, 26, 29, 32, 33, 34, 101, 102, 104, 111, 112, 113, 123, 129, 130, 133], "summary": {"covered_lines": 19, "num_statements": 19, "percent_covered": 100.0, "percent_covered_display": "100", "missing_lines": 0, "excluded_lines": 0}, "missing_lines": [], "excluded_lines": []}, "keras_nlp/src/models/distil_bert/distil_bert_masked_lm_preprocessor.py": {"executed_lines": [15, 16, 18, 19, 22, 27, 28, 29, 122, 133, 139, 140, 141, 142, 143, 145, 146, 149, 163, 164, 172, 173, 174, 175, 180, 181, 182, 184, 185, 186, 194], "summary": {"covered_lines": 30, "num_statements": 31, "percent_covered": 96.7741935483871, "percent_covered_display": "97", "missing_lines": 1, "excluded_lines": 0}, "missing_lines": [165], "excluded_lines": []}, "keras_nlp/src/models/distil_bert/distil_bert_preprocessor.py": {"executed_lines": [16, 18, 19, 22, 25, 26, 31, 32, 33, 119, 121, 128, 129, 130, 131, 132, 134, 135, 138, 146, 147, 148, 149, 150, 154, 156, 157, 158, 164, 166, 167, 169, 171, 172, 173, 174, 175], "summary": {"covered_lines": 36, "num_statements": 36, "percent_covered": 100.0, "percent_covered_display": "100", "missing_lines": 0, "excluded_lines": 0}, "missing_lines": [], "excluded_lines": []}, "keras_nlp/src/models/distil_bert/distil_bert_presets.py": {"executed_lines": [14, 16], "summary": {"covered_lines": 2, "num_statements": 2, "percent_covered": 100.0, "percent_covered_display": "100", "missing_lines": 0, "excluded_lines": 0}, "missing_lines": [], "excluded_lines": []}, "keras_nlp/src/models/distil_bert/distil_bert_tokenizer.py": {"executed_lines": [16, 17, 20, 21, 22, 73, 80, 81, 82, 83, 84, 97, 98, 100, 101, 102, 103, 104, 106, 107, 108, 109, 111, 112, 113, 114], "summary": {"covered_lines": 25, "num_statements": 25, "percent_covered": 100.0, "percent_covered_display": "100", "missing_lines": 0, "excluded_lines": 0}, "missing_lines": [], "excluded_lines": []}, "keras_nlp/src/models/electra/__init__.py": {"executed_lines": [15, 16, 17, 18, 20], "summary": {"covered_lines": 5, "num_statements": 5, "percent_covered": 100.0, "percent_covered_display": "100", "missing_lines": 0, "excluded_lines": 0}, "missing_lines": [], "excluded_lines": []}, "keras_nlp/src/models/electra/electra_backbone.py": {"executed_lines": [15, 17, 18, 19, 22, 23, 24, 27, 28, 31, 32, 33, 99, 114, 121, 127, 134, 138, 144, 149, 150, 156, 157, 158, 168, 169, 178, 181, 184, 188, 189, 190, 192, 193, 194, 195, 196, 198, 199, 201, 202, 205, 206, 221, 222, 223, 224, 225, 226, 227, 228, 229, 230, 232, 233, 234, 247], "summary": {"covered_lines": 56, "num_statements": 56, "percent_covered": 100.0, "percent_covered_display": "100", "missing_lines": 0, "excluded_lines": 0}, "missing_lines": [], "excluded_lines": []}, "keras_nlp/src/models/electra/electra_preprocessor.py": {"executed_lines": [15, 17, 18, 21, 22, 23, 28, 29, 30, 116, 118, 125, 126, 127, 135, 136, 137, 143, 145, 146, 147, 148, 149, 154], "summary": {"covered_lines": 23, "num_statements": 23, "percent_covered": 100.0, "percent_covered_display": "100", "missing_lines": 0, "excluded_lines": 0}, "missing_lines": [], "excluded_lines": []}, "keras_nlp/src/models/electra/electra_presets.py": {"executed_lines": [14, 16], "summary": {"covered_lines": 2, "num_statements": 2, "percent_covered": 100.0, "percent_covered_display": "100", "missing_lines": 0, "excluded_lines": 0}, "missing_lines": [], "excluded_lines": []}, "keras_nlp/src/models/electra/electra_tokenizer.py": {"executed_lines": [15, 16, 19, 20, 21, 63, 70, 71, 72, 73, 74, 87, 88, 90, 91, 92, 93, 94, 96, 97, 98, 99, 101, 102, 103, 104], "summary": {"covered_lines": 25, "num_statements": 25, "percent_covered": 100.0, "percent_covered_display": "100", "missing_lines": 0, "excluded_lines": 0}, "missing_lines": [], "excluded_lines": []}, "keras_nlp/src/models/f_net/__init__.py": {"executed_lines": [15, 16, 17, 18, 20], "summary": {"covered_lines": 5, "num_statements": 5, "percent_covered": 100.0, "percent_covered_display": "100", "missing_lines": 0, "excluded_lines": 0}, "missing_lines": [], "excluded_lines": []}, "keras_nlp/src/models/f_net/f_net_backbone.py": {"executed_lines": [16, 18, 19, 20, 21, 24, 25, 28, 29, 32, 33, 36, 37, 38, 97, 110, 117, 123, 130, 134, 140, 147, 152, 153, 154, 164, 165, 175, 178, 182, 183, 184, 186, 187, 188, 189, 191, 192, 194, 197, 198, 200, 214, 215, 216, 217, 218, 219, 220, 221, 223, 224, 225, 236], "summary": {"covered_lines": 53, "num_statements": 53, "percent_covered": 100.0, "percent_covered_display": "100", "missing_lines": 0, "excluded_lines": 0}, "missing_lines": [], "excluded_lines": []}, "keras_nlp/src/models/f_net/f_net_classifier.py": {"executed_lines": [16, 18, 19, 20, 21, 22, 25, 26, 27, 101, 102, 104, 114, 115, 116, 121, 130, 131, 132, 133, 134, 141, 142, 143, 145, 146, 147, 154], "summary": {"covered_lines": 27, "num_statements": 27, "percent_covered": 100.0, "percent_covered_display": "100", "missing_lines": 0, "excluded_lines": 0}, "missing_lines": [], "excluded_lines": []}, "keras_nlp/src/models/f_net/f_net_masked_lm.py": {"executed_lines": [16, 18, 19, 20, 21, 22, 25, 28, 29, 30, 96, 97, 99, 106, 107, 108, 118, 124, 125, 128], "summary": {"covered_lines": 19, "num_statements": 19, "percent_covered": 100.0, "percent_covered_display": "100", "missing_lines": 0, "excluded_lines": 0}, "missing_lines": [], "excluded_lines": []}, "keras_nlp/src/models/f_net/f_net_masked_lm_preprocessor.py": {"executed_lines": [15, 16, 18, 19, 22, 25, 26, 27, 122, 133, 139, 140, 141, 142, 143, 145, 146, 149, 163, 164, 165, 173, 175, 176, 183, 184, 188, 189, 194, 195, 196], "summary": {"covered_lines": 30, "num_statements": 31, "percent_covered": 96.7741935483871, "percent_covered_display": "97", "missing_lines": 1, "excluded_lines": 0}, "missing_lines": [177], "excluded_lines": []}, "keras_nlp/src/models/f_net/f_net_preprocessor.py": {"executed_lines": [16, 18, 19, 22, 23, 24, 29, 30, 31, 121, 123, 130, 131, 132, 133, 134, 136, 139, 146, 148, 149, 150, 156, 158, 159, 160, 161, 162, 166, 168, 169, 171, 173, 174, 175, 176, 177], "summary": {"covered_lines": 36, "num_statements": 36, "percent_covered": 100.0, "percent_covered_display": "100", "missing_lines": 0, "excluded_lines": 0}, "missing_lines": [], "excluded_lines": []}, "keras_nlp/src/models/f_net/f_net_presets.py": {"executed_lines": [14, 16], "summary": {"covered_lines": 2, "num_statements": 2, "percent_covered": 100.0, "percent_covered_display": "100", "missing_lines": 0, "excluded_lines": 0}, "missing_lines": [], "excluded_lines": []}, "keras_nlp/src/models/f_net/f_net_tokenizer.py": {"executed_lines": [16, 17, 22, 23, 24, 64, 65, 66, 67, 68, 69, 71, 72, 73, 74, 80, 81, 87, 88, 89, 90, 92, 93, 94, 95], "summary": {"covered_lines": 24, "num_statements": 24, "percent_covered": 100.0, "percent_covered_display": "100", "missing_lines": 0, "excluded_lines": 0}, "missing_lines": [], "excluded_lines": []}, "keras_nlp/src/models/falcon/__init__.py": {"executed_lines": [15, 16, 17, 18, 20], "summary": {"covered_lines": 5, "num_statements": 5, "percent_covered": 100.0, "percent_covered_display": "100", "missing_lines": 0, "excluded_lines": 0}, "missing_lines": [], "excluded_lines": []}, "keras_nlp/src/models/falcon/falcon_attention.py": {"executed_lines": [14, 16, 17, 20, 21, 27, 28, 29, 31, 40, 42, 45, 47, 54, 56, 63, 65, 72, 74, 80, 85, 87, 89, 91, 99, 101, 102, 103, 105, 106, 107, 108, 112, 113, 114, 115, 117, 124, 125, 126, 129, 132, 133, 136, 141, 143, 144, 146, 148], "summary": {"covered_lines": 49, "num_statements": 55, "percent_covered": 89.0909090909091, "percent_covered_display": "89", "missing_lines": 6, "excluded_lines": 0}, "missing_lines": [109, 110, 118, 149, 150, 156], "excluded_lines": []}, "keras_nlp/src/models/falcon/falcon_backbone.py": {"executed_lines": [14, 16, 17, 20, 21, 26, 27, 28, 78, 92, 99, 100, 101, 109, 111, 118, 119, 123, 126, 127, 128, 130, 141, 142, 143, 144, 145, 146, 147, 148, 150, 151, 152, 164], "summary": {"covered_lines": 33, "num_statements": 33, "percent_covered": 100.0, "percent_covered_display": "100", "missing_lines": 0, "excluded_lines": 0}, "missing_lines": [], "excluded_lines": []}, "keras_nlp/src/models/falcon/falcon_causal_lm.py": {"executed_lines": [15, 17, 18, 19, 20, 23, 26, 27, 28, 142, 143, 145, 152, 153, 156, 157, 158, 159, 165, 206, 219], "summary": {"covered_lines": 20, "num_statements": 58, "percent_covered": 34.48275862068966, "percent_covered_display": "34", "missing_lines": 38, "excluded_lines": 0}, "missing_lines": [190, 192, 193, 194, 195, 200, 201, 202, 203, 204, 208, 209, 210, 211, 212, 213, 214, 216, 217, 237, 239, 241, 243, 245, 247, 248, 249, 250, 255, 261, 273, 276, 279, 281, 282, 284, 287, 288], "excluded_lines": []}, "keras_nlp/src/models/falcon/falcon_causal_lm_preprocessor.py": {"executed_lines": [15, 16, 18, 19, 20, 23, 26, 27, 28, 94, 101, 108, 110, 111, 113, 120, 125, 126, 128, 144, 145, 147, 148, 149, 152, 157, 167, 168, 170, 171, 172, 173], "summary": {"covered_lines": 31, "num_statements": 32, "percent_covered": 96.875, "percent_covered_display": "97", "missing_lines": 1, "excluded_lines": 0}, "missing_lines": [102], "excluded_lines": []}, "keras_nlp/src/models/falcon/falcon_preprocessor.py": {"executed_lines": [16, 18, 19, 20, 21, 22, 27, 28, 29, 110, 112, 120, 121, 122, 123, 124, 125, 127, 130, 137, 139, 146, 147, 154, 155, 161, 165, 167, 168, 169, 176, 178, 179, 181, 183, 184, 185, 186, 187], "summary": {"covered_lines": 38, "num_statements": 39, "percent_covered": 97.43589743589743, "percent_covered_display": "97", "missing_lines": 1, "excluded_lines": 0}, "missing_lines": [148], "excluded_lines": []}, "keras_nlp/src/models/falcon/falcon_presets.py": {"executed_lines": [14, 16], "summary": {"covered_lines": 2, "num_statements": 2, "percent_covered": 100.0, "percent_covered_display": "100", "missing_lines": 0, "excluded_lines": 0}, "missing_lines": [], "excluded_lines": []}, "keras_nlp/src/models/falcon/falcon_tokenizer.py": {"executed_lines": [16, 17, 20, 21, 22, 68, 75, 77, 84, 85, 87, 89, 96, 97, 98, 100, 101, 102, 104, 105, 109, 110], "summary": {"covered_lines": 21, "num_statements": 22, "percent_covered": 95.45454545454545, "percent_covered_display": "95", "missing_lines": 1, "excluded_lines": 0}, "missing_lines": [90], "excluded_lines": []}, "keras_nlp/src/models/falcon/falcon_transformer_decoder.py": {"executed_lines": [14, 16, 17, 19, 22, 25, 28, 29, 38, 39, 40, 41, 42, 43, 45, 46, 47, 52, 55, 56, 62, 66, 72, 77, 82, 89, 91, 97, 105, 111, 113, 122, 130, 132, 134, 135, 136, 137, 138, 141, 149, 150, 152, 154, 156, 157, 159, 161, 162, 164, 166, 168, 169, 171, 173, 186, 187, 189, 197, 200, 201, 205, 206, 208, 218, 224, 225, 229, 232, 233, 234, 235, 238, 240, 241, 242, 243, 244, 246, 247], "summary": {"covered_lines": 80, "num_statements": 85, "percent_covered": 94.11764705882354, "percent_covered_display": "94", "missing_lines": 5, "excluded_lines": 0}, "missing_lines": [174, 175, 184, 249, 250], "excluded_lines": []}, "keras_nlp/src/models/gemma/__init__.py": {"executed_lines": [15, 16, 17, 18, 20], "summary": {"covered_lines": 5, "num_statements": 5, "percent_covered": 100.0, "percent_covered_display": "100", "missing_lines": 0, "excluded_lines": 0}, "missing_lines": [], "excluded_lines": []}, "keras_nlp/src/models/gemma/gemma_attention.py": {"executed_lines": [14, 15, 16, 18, 19, 22, 23, 25, 38, 39, 40, 41, 42, 43, 44, 45, 46, 48, 51, 52, 54, 55, 57, 64, 66, 73, 75, 82, 84, 89, 96, 99, 101, 105, 107, 109, 113, 116, 118, 127, 128, 134, 135, 136, 145, 147, 149, 150, 151, 155, 156, 161, 162, 163, 164, 166, 171, 172, 174, 179, 181, 182, 185, 187, 188, 189, 195, 196, 197, 198, 200, 208, 209, 211, 212, 213, 214, 215, 216, 217, 218, 219, 220, 222, 223, 224, 226, 236, 239, 243, 245, 246, 247, 249, 250], "summary": {"covered_lines": 94, "num_statements": 97, "percent_covered": 96.90721649484536, "percent_covered_display": "97", "missing_lines": 3, "excluded_lines": 0}, "missing_lines": [130, 167, 191], "excluded_lines": []}, "keras_nlp/src/models/gemma/gemma_backbone.py": {"executed_lines": [16, 17, 19, 20, 23, 24, 25, 28, 29, 30, 102, 124, 138, 139, 140, 141, 157, 158, 165, 168, 171, 172, 173, 174, 175, 176, 187, 188, 189, 190, 191, 192, 193, 194, 195, 196, 197, 198, 199, 200, 201, 202, 204, 205, 206, 226, 228, 229], "summary": {"covered_lines": 47, "num_statements": 63, "percent_covered": 74.60317460317461, "percent_covered_display": "75", "missing_lines": 16, "excluded_lines": 0}, "missing_lines": [279, 280, 284, 285, 289, 290, 296, 297, 300, 301, 302, 307, 312, 313, 314, 316], "excluded_lines": []}, "keras_nlp/src/models/gemma/gemma_causal_lm.py": {"executed_lines": [16, 17, 19, 20, 21, 22, 25, 28, 29, 30, 149, 150, 152, 159, 160, 163, 164, 165, 166, 172, 181, 189, 214, 215, 217, 218, 219, 220, 225, 227, 228, 229, 230, 232, 234, 235, 236, 237, 238, 239, 240, 242, 243, 245, 320, 405, 410, 416, 417, 419, 422, 424, 425, 427, 429, 430, 432, 435, 436, 437, 438, 439, 441, 442, 444, 447, 448], "summary": {"covered_lines": 66, "num_statements": 88, "percent_covered": 75.0, "percent_covered_display": "75", "missing_lines": 22, "excluded_lines": 0}, "missing_lines": [263, 265, 267, 269, 271, 273, 274, 275, 276, 281, 287, 299, 302, 306, 308, 309, 311, 314, 315, 406, 411, 420], "excluded_lines": []}, "keras_nlp/src/models/gemma/gemma_causal_lm_preprocessor.py": {"executed_lines": [15, 16, 18, 19, 20, 23, 26, 27, 28, 87, 94, 101, 103, 104, 106, 113, 118, 119, 121, 137, 138, 140, 141, 142, 145, 150, 157, 158, 160, 161, 166, 167], "summary": {"covered_lines": 31, "num_statements": 32, "percent_covered": 96.875, "percent_covered_display": "97", "missing_lines": 1, "excluded_lines": 0}, "missing_lines": [95], "excluded_lines": []}, "keras_nlp/src/models/gemma/gemma_decoder_block.py": {"executed_lines": [14, 15, 17, 20, 23, 24, 27, 28, 45, 47, 48, 49, 50, 51, 52, 53, 54, 55, 56, 57, 58, 59, 61, 67, 68, 74, 87, 91, 97, 98, 104, 111, 118, 125, 126, 127, 129, 130, 131, 133, 134, 135, 136, 138, 139, 141, 142, 143, 145, 147, 149, 151, 154, 157, 158, 159, 160, 162, 169, 175, 182, 183, 186, 187, 194, 199, 200, 202, 205, 206, 208, 209, 210, 211, 213, 214, 216, 218, 219, 220, 222], "summary": {"covered_lines": 81, "num_statements": 87, "percent_covered": 93.10344827586206, "percent_covered_display": "93", "missing_lines": 6, "excluded_lines": 0}, "missing_lines": [88, 89, 203, 223, 224, 241], "excluded_lines": []}, "keras_nlp/src/models/gemma/gemma_preprocessor.py": {"executed_lines": [16, 18, 19, 20, 21, 22, 27, 28, 29, 125, 127, 135, 137, 138, 139, 140, 142, 145, 152, 154, 161, 162, 169, 170, 176, 180, 182, 183, 184, 191], "summary": {"covered_lines": 29, "num_statements": 30, "percent_covered": 96.66666666666667, "percent_covered_display": "97", "missing_lines": 1, "excluded_lines": 0}, "missing_lines": [163], "excluded_lines": []}, "keras_nlp/src/models/gemma/gemma_presets.py": {"executed_lines": [14, 17], "summary": {"covered_lines": 2, "num_statements": 2, "percent_covered": 100.0, "percent_covered_display": "100", "missing_lines": 0, "excluded_lines": 0}, "missing_lines": [], "excluded_lines": []}, "keras_nlp/src/models/gemma/gemma_tokenizer.py": {"executed_lines": [15, 16, 21, 22, 23, 80, 81, 82, 83, 85, 87, 88, 89, 90, 91, 92, 97, 98, 99, 101, 102, 103], "summary": {"covered_lines": 21, "num_statements": 21, "percent_covered": 100.0, "percent_covered_display": "100", "missing_lines": 0, "excluded_lines": 0}, "missing_lines": [], "excluded_lines": []}, "keras_nlp/src/models/gemma/rms_normalization.py": {"executed_lines": [15, 16, 19, 20, 21, 22, 24, 25, 31, 33, 35, 36, 37, 38, 39, 40], "summary": {"covered_lines": 16, "num_statements": 16, "percent_covered": 100.0, "percent_covered_display": "100", "missing_lines": 0, "excluded_lines": 0}, "missing_lines": [], "excluded_lines": []}, "keras_nlp/src/models/gpt2/__init__.py": {"executed_lines": [15, 16, 17, 18, 20], "summary": {"covered_lines": 5, "num_statements": 5, "percent_covered": 100.0, "percent_covered_display": "100", "missing_lines": 0, "excluded_lines": 0}, "missing_lines": [], "excluded_lines": []}, "keras_nlp/src/models/gpt2/gpt2_backbone.py": {"executed_lines": [16, 18, 19, 20, 23, 24, 25, 28, 29, 32, 33, 34, 93, 106, 113, 119, 123, 128, 129, 130, 143, 151, 154, 158, 159, 160, 161, 163, 164, 165, 167, 178, 179, 180, 181, 182, 183, 184, 186, 187, 188, 199], "summary": {"covered_lines": 41, "num_statements": 41, "percent_covered": 100.0, "percent_covered_display": "100", "missing_lines": 0, "excluded_lines": 0}, "missing_lines": [], "excluded_lines": []}, "keras_nlp/src/models/gpt2/gpt2_causal_lm.py": {"executed_lines": [16, 17, 19, 20, 21, 22, 25, 28, 29, 30, 151, 152, 154, 161, 162, 165, 166, 167, 168, 174, 220, 233, 308, 392, 397, 403, 404, 406, 409, 411, 412, 414, 416, 417, 418, 421, 422, 424, 425, 426, 427, 428, 430, 431, 433, 436, 437], "summary": {"covered_lines": 46, "num_statements": 90, "percent_covered": 51.111111111111114, "percent_covered_display": "51", "missing_lines": 44, "excluded_lines": 0}, "missing_lines": [199, 200, 203, 204, 206, 207, 208, 209, 214, 215, 216, 217, 218, 222, 223, 224, 225, 226, 227, 228, 230, 231, 251, 253, 255, 257, 259, 261, 262, 263, 264, 269, 275, 287, 290, 294, 296, 297, 299, 302, 303, 393, 398, 407], "excluded_lines": []}, "keras_nlp/src/models/gpt2/gpt2_causal_lm_preprocessor.py": {"executed_lines": [15, 16, 18, 19, 20, 23, 26, 27, 28, 94, 101, 108, 110, 111, 113, 120, 125, 126, 128, 144, 145, 147, 148, 149, 152, 157, 167, 168, 170, 171, 172, 173], "summary": {"covered_lines": 31, "num_statements": 32, "percent_covered": 96.875, "percent_covered_display": "97", "missing_lines": 1, "excluded_lines": 0}, "missing_lines": [102], "excluded_lines": []}, "keras_nlp/src/models/gpt2/gpt2_preprocessor.py": {"executed_lines": [16, 18, 19, 20, 21, 22, 27, 28, 29, 110, 112, 120, 121, 122, 123, 124, 125, 127, 130, 137, 139, 146, 147, 154, 155, 161, 165, 167, 168, 169, 176, 178, 179, 181, 183, 184, 185, 186, 187], "summary": {"covered_lines": 38, "num_statements": 39, "percent_covered": 97.43589743589743, "percent_covered_display": "97", "missing_lines": 1, "excluded_lines": 0}, "missing_lines": [148], "excluded_lines": []}, "keras_nlp/src/models/gpt2/gpt2_presets.py": {"executed_lines": [14, 17], "summary": {"covered_lines": 2, "num_statements": 2, "percent_covered": 100.0, "percent_covered_display": "100", "missing_lines": 0, "excluded_lines": 0}, "missing_lines": [], "excluded_lines": []}, "keras_nlp/src/models/gpt2/gpt2_tokenizer.py": {"executed_lines": [16, 17, 20, 21, 22, 68, 75, 77, 84, 85, 87, 89, 96, 97, 98, 100, 101, 102, 104, 105, 109, 110], "summary": {"covered_lines": 21, "num_statements": 22, "percent_covered": 95.45454545454545, "percent_covered_display": "95", "missing_lines": 1, "excluded_lines": 0}, "missing_lines": [90], "excluded_lines": []}, "keras_nlp/src/models/gpt_neo_x/__init__.py": {"executed_lines": [1], "summary": {"covered_lines": 0, "num_statements": 0, "percent_covered": 100.0, "percent_covered_display": "100", "missing_lines": 0, "excluded_lines": 0}, "missing_lines": [], "excluded_lines": []}, "keras_nlp/src/models/gpt_neo_x/gpt_neo_x_attention.py": {"executed_lines": [15, 16, 18, 19, 22, 23, 47, 59, 60, 61, 62, 63, 64, 65, 66, 67, 71, 72, 73, 75, 76, 84, 86, 92, 99, 108, 109, 111, 112, 114, 115, 117, 118, 119, 121, 123, 124, 125, 126, 129, 132, 134, 137, 139, 143, 145, 148, 151, 155, 157, 165, 167, 169, 170, 171, 172, 176, 179, 180, 181, 182, 183, 185, 191, 194, 196, 200, 205, 206, 208, 209, 211, 220, 229, 231, 233], "summary": {"covered_lines": 75, "num_statements": 81, "percent_covered": 92.5925925925926, "percent_covered_display": "93", "missing_lines": 6, "excluded_lines": 0}, "missing_lines": [173, 174, 186, 234, 235, 251], "excluded_lines": []}, "keras_nlp/src/models/gpt_neo_x/gpt_neo_x_backbone.py": {"executed_lines": [15, 17, 18, 21, 22, 23, 26, 27, 30, 31, 32, 73, 89, 96, 101, 102, 103, 116, 117, 125, 128, 132, 133, 134, 135, 136, 137, 148, 149, 150, 151, 152, 153, 154, 155, 156, 157, 159, 160, 161, 175], "summary": {"covered_lines": 40, "num_statements": 40, "percent_covered": 100.0, "percent_covered_display": "100", "missing_lines": 0, "excluded_lines": 0}, "missing_lines": [], "excluded_lines": []}, "keras_nlp/src/models/gpt_neo_x/gpt_neo_x_causal_lm.py": {"executed_lines": [15, 17, 18, 19, 20, 23, 26, 27, 28, 49, 50, 52, 59, 60, 63, 64, 65, 66, 72, 115, 128], "summary": {"covered_lines": 20, "num_statements": 60, "percent_covered": 33.333333333333336, "percent_covered_display": "33", "missing_lines": 40, "excluded_lines": 0}, "missing_lines": [97, 98, 100, 101, 102, 103, 108, 109, 110, 111, 112, 113, 117, 118, 119, 120, 121, 122, 123, 125, 126, 146, 148, 150, 152, 154, 156, 157, 158, 159, 164, 170, 182, 185, 189, 191, 192, 194, 197, 198], "excluded_lines": []}, "keras_nlp/src/models/gpt_neo_x/gpt_neo_x_causal_lm_preprocessor.py": {"executed_lines": [15, 16, 18, 19, 22, 25, 28, 29, 30, 62, 69, 76, 78, 79, 81, 88, 93, 94, 96, 112, 113, 115, 116, 117, 120, 125, 135, 136, 138, 139, 140, 141], "summary": {"covered_lines": 31, "num_statements": 32, "percent_covered": 96.875, "percent_covered_display": "97", "missing_lines": 1, "excluded_lines": 0}, "missing_lines": [70], "excluded_lines": []}, "keras_nlp/src/models/gpt_neo_x/gpt_neo_x_decoder.py": {"executed_lines": [15, 16, 18, 21, 24, 25, 28, 29, 61, 75, 76, 77, 78, 79, 80, 81, 82, 83, 84, 85, 86, 87, 88, 90, 91, 92, 94, 106, 108, 113, 115, 122, 130, 132, 140, 141, 142, 144, 149, 151, 156, 158, 166, 174, 176, 179, 185, 186, 188, 189, 190, 191, 192, 194, 195, 197, 199, 207, 210, 211, 215, 216, 218, 228, 234, 257, 258], "summary": {"covered_lines": 66, "num_statements": 69, "percent_covered": 95.65217391304348, "percent_covered_display": "96", "missing_lines": 3, "excluded_lines": 0}, "missing_lines": [235, 236, 255], "excluded_lines": []}, "keras_nlp/src/models/gpt_neo_x/gpt_neo_x_preprocessor.py": {"executed_lines": [15, 17, 18, 19, 20, 21, 26, 27, 28, 68, 70, 78, 79, 80, 81, 82, 83, 85, 88, 95, 97, 104, 105, 112, 113, 119, 123, 125, 126, 127, 134, 136, 137, 139, 141, 142, 143, 144, 145], "summary": {"covered_lines": 38, "num_statements": 39, "percent_covered": 97.43589743589743, "percent_covered_display": "97", "missing_lines": 1, "excluded_lines": 0}, "missing_lines": [106], "excluded_lines": []}, "keras_nlp/src/models/gpt_neo_x/gpt_neo_x_tokenizer.py": {"executed_lines": [15, 16, 19, 20, 21, 46, 53, 55, 62, 63, 65, 67, 74, 75, 76, 78, 79, 80, 82, 83, 87, 88], "summary": {"covered_lines": 21, "num_statements": 22, "percent_covered": 95.45454545454545, "percent_covered_display": "95", "missing_lines": 1, "excluded_lines": 0}, "missing_lines": [68], "excluded_lines": []}, "keras_nlp/src/models/llama/__init__.py": {"executed_lines": [15, 16, 17, 18, 20], "summary": {"covered_lines": 5, "num_statements": 5, "percent_covered": 100.0, "percent_covered_display": "100", "missing_lines": 0, "excluded_lines": 0}, "missing_lines": [], "excluded_lines": []}, "keras_nlp/src/models/llama/llama_attention.py": {"executed_lines": [14, 15, 17, 18, 21, 22, 24, 34, 35, 36, 37, 39, 40, 42, 46, 48, 57, 58, 59, 61, 68, 70, 81, 83, 94, 96, 102, 107, 114, 116, 122, 123, 125, 127, 135, 139, 142, 144, 145, 147, 148, 150, 151, 152, 153, 157, 158, 159, 160, 161, 163, 169, 173, 174, 176, 180, 184, 186, 187, 188, 190, 191, 192, 197, 198, 200, 201, 204, 205, 209, 211], "summary": {"covered_lines": 70, "num_statements": 77, "percent_covered": 90.9090909090909, "percent_covered_display": "91", "missing_lines": 7, "excluded_lines": 0}, "missing_lines": [154, 155, 164, 195, 212, 213, 225], "excluded_lines": []}, "keras_nlp/src/models/llama/llama_backbone.py": {"executed_lines": [14, 15, 17, 18, 21, 22, 23, 26, 27, 30, 31, 32, 93, 109, 117, 118, 119, 132, 133, 140, 143, 146, 147, 148, 149, 150, 161, 162, 163, 164, 165, 166, 167, 168, 169, 170, 172, 173, 174, 188], "summary": {"covered_lines": 39, "num_statements": 39, "percent_covered": 100.0, "percent_covered_display": "100", "missing_lines": 0, "excluded_lines": 0}, "missing_lines": [], "excluded_lines": []}, "keras_nlp/src/models/llama/llama_causal_lm.py": {"executed_lines": [14, 15, 17, 18, 19, 20, 23, 26, 27, 28, 49, 50, 52, 54, 55, 58, 59, 60, 61, 67, 108, 128, 202, 286, 291, 297, 298, 300, 303, 305, 306, 308, 310, 311, 313, 314, 315, 317, 318, 320, 321, 323, 326, 327], "summary": {"covered_lines": 43, "num_statements": 84, "percent_covered": 51.19047619047619, "percent_covered_display": "51", "missing_lines": 41, "excluded_lines": 0}, "missing_lines": [92, 94, 95, 96, 97, 102, 103, 104, 105, 106, 110, 111, 112, 113, 114, 115, 123, 125, 126, 146, 148, 150, 152, 154, 156, 157, 158, 159, 164, 170, 182, 185, 188, 190, 191, 193, 196, 197, 287, 292, 301], "excluded_lines": []}, "keras_nlp/src/models/llama/llama_causal_lm_preprocessor.py": {"executed_lines": [15, 16, 18, 19, 20, 23, 26, 27, 28, 94, 101, 108, 110, 111, 113, 120, 125, 126, 128, 144, 145, 147, 148, 149, 152, 157, 167, 168, 169, 170], "summary": {"covered_lines": 29, "num_statements": 30, "percent_covered": 96.66666666666667, "percent_covered_display": "97", "missing_lines": 1, "excluded_lines": 0}, "missing_lines": [102], "excluded_lines": []}, "keras_nlp/src/models/llama/llama_decoder.py": {"executed_lines": [14, 15, 17, 20, 23, 24, 25, 28, 29, 31, 44, 45, 46, 47, 49, 50, 52, 54, 55, 56, 58, 60, 61, 62, 65, 75, 77, 82, 83, 90, 97, 99, 106, 108, 116, 122, 127, 129, 131, 140, 147, 149, 152, 159, 160, 162, 164, 165, 167, 168, 177, 178, 179, 181, 183, 185, 187, 188, 189, 191, 199, 202, 203, 207, 208, 210, 216, 220, 226, 227, 229], "summary": {"covered_lines": 70, "num_statements": 73, "percent_covered": 95.89041095890411, "percent_covered_display": "96", "missing_lines": 3, "excluded_lines": 0}, "missing_lines": [230, 231, 246], "excluded_lines": []}, "keras_nlp/src/models/llama/llama_layernorm.py": {"executed_lines": [14, 15, 21, 22, 24, 25, 26, 28, 29, 30, 37, 39, 40, 41, 42, 43, 45], "summary": {"covered_lines": 16, "num_statements": 19, "percent_covered": 84.21052631578948, "percent_covered_display": "84", "missing_lines": 3, "excluded_lines": 0}, "missing_lines": [46, 47, 48], "excluded_lines": []}, "keras_nlp/src/models/llama/llama_preprocessor.py": {"executed_lines": [14, 16, 17, 18, 19, 20, 25, 26, 27, 113, 115, 123, 124, 125, 126, 127, 128, 130, 133, 139, 141, 142, 143, 150, 152, 159, 160, 167, 168, 174, 178, 180, 181, 183, 185, 186, 187, 188, 189], "summary": {"covered_lines": 38, "num_statements": 39, "percent_covered": 97.43589743589743, "percent_covered_display": "97", "missing_lines": 1, "excluded_lines": 0}, "missing_lines": [161], "excluded_lines": []}, "keras_nlp/src/models/llama/llama_presets.py": {"executed_lines": [14, 17], "summary": {"covered_lines": 2, "num_statements": 2, "percent_covered": 100.0, "percent_covered_display": "100", "missing_lines": 0, "excluded_lines": 0}, "missing_lines": [], "excluded_lines": []}, "keras_nlp/src/models/llama/llama_tokenizer.py": {"executed_lines": [15, 16, 21, 22, 23, 63, 64, 65, 66, 68, 69, 70, 71, 72, 73, 78, 79, 80, 82, 83, 84], "summary": {"covered_lines": 20, "num_statements": 20, "percent_covered": 100.0, "percent_covered_display": "100", "missing_lines": 0, "excluded_lines": 0}, "missing_lines": [], "excluded_lines": []}, "keras_nlp/src/models/llama3/__init__.py": {"executed_lines": [15, 16, 17, 18, 20], "summary": {"covered_lines": 5, "num_statements": 5, "percent_covered": 100.0, "percent_covered_display": "100", "missing_lines": 0, "excluded_lines": 0}, "missing_lines": [], "excluded_lines": []}, "keras_nlp/src/models/llama3/llama3_backbone.py": {"executed_lines": [15, 16, 21, 22, 23, 84], "summary": {"covered_lines": 5, "num_statements": 5, "percent_covered": 100.0, "percent_covered_display": "100", "missing_lines": 0, "excluded_lines": 0}, "missing_lines": [], "excluded_lines": []}, "keras_nlp/src/models/llama3/llama3_causal_lm.py": {"executed_lines": [14, 15, 16, 19, 22, 23, 24, 45, 46], "summary": {"covered_lines": 8, "num_statements": 8, "percent_covered": 100.0, "percent_covered_display": "100", "missing_lines": 0, "excluded_lines": 0}, "missing_lines": [], "excluded_lines": []}, "keras_nlp/src/models/llama3/llama3_causal_lm_preprocessor.py": {"executed_lines": [15, 16, 18, 19, 20, 23, 26, 27, 28, 94, 101, 108, 110, 111, 113, 120, 125, 126, 128, 144, 145, 147, 148, 149, 152, 157, 167, 168, 172, 173], "summary": {"covered_lines": 29, "num_statements": 30, "percent_covered": 96.66666666666667, "percent_covered_display": "97", "missing_lines": 1, "excluded_lines": 0}, "missing_lines": [102], "excluded_lines": []}, "keras_nlp/src/models/llama3/llama3_preprocessor.py": {"executed_lines": [14, 15, 16, 19, 20, 21], "summary": {"covered_lines": 6, "num_statements": 6, "percent_covered": 100.0, "percent_covered_display": "100", "missing_lines": 0, "excluded_lines": 0}, "missing_lines": [], "excluded_lines": []}, "keras_nlp/src/models/llama3/llama3_presets.py": {"executed_lines": [14, 17], "summary": {"covered_lines": 2, "num_statements": 2, "percent_covered": 100.0, "percent_covered_display": "100", "missing_lines": 0, "excluded_lines": 0}, "missing_lines": [], "excluded_lines": []}, "keras_nlp/src/models/llama3/llama3_tokenizer.py": {"executed_lines": [15, 16, 19, 20, 21, 27, 28, 30, 37, 38, 40, 42, 43, 49, 50, 51, 53, 54, 55, 57, 58, 62, 63], "summary": {"covered_lines": 23, "num_statements": 23, "percent_covered": 100.0, "percent_covered_display": "100", "missing_lines": 0, "excluded_lines": 0}, "missing_lines": [], "excluded_lines": []}, "keras_nlp/src/models/masked_lm.py": {"executed_lines": [14, 16, 17, 20, 21, 22, 46, 47, 49, 51, 90, 91, 92, 93, 94, 95, 96], "summary": {"covered_lines": 16, "num_statements": 16, "percent_covered": 100.0, "percent_covered_display": "100", "missing_lines": 0, "excluded_lines": 0}, "missing_lines": [], "excluded_lines": []}, "keras_nlp/src/models/mistral/__init__.py": {"executed_lines": [15, 16, 17, 18, 20], "summary": {"covered_lines": 5, "num_statements": 5, "percent_covered": 100.0, "percent_covered_display": "100", "missing_lines": 0, "excluded_lines": 0}, "missing_lines": [], "excluded_lines": []}, "keras_nlp/src/models/mistral/mistral_attention.py": {"executed_lines": [14, 15, 17, 18, 28, 29, 31, 42, 43, 44, 45, 46, 48, 49, 51, 55, 57, 66, 67, 69, 76, 78, 89, 91, 102, 104, 110, 115, 122, 126, 132, 133, 135, 137, 145, 149, 152, 154, 155, 157, 158, 160, 161, 162, 163, 167, 168, 169, 170, 171, 173, 179, 183, 184, 186, 190, 194, 196, 197, 198, 200, 201, 202, 207, 208, 210, 212, 213, 216, 217, 221, 223], "summary": {"covered_lines": 71, "num_statements": 78, "percent_covered": 91.02564102564102, "percent_covered_display": "91", "missing_lines": 7, "excluded_lines": 0}, "missing_lines": [164, 165, 174, 205, 224, 225, 238], "excluded_lines": []}, "keras_nlp/src/models/mistral/mistral_backbone.py": {"executed_lines": [15, 16, 18, 19, 22, 23, 26, 31, 32, 35, 36, 37, 104, 121, 129, 130, 131, 145, 146, 153, 156, 159, 160, 161, 162, 163, 174, 175, 176, 177, 178, 179, 180, 181, 182, 183, 184, 186, 187, 188, 203], "summary": {"covered_lines": 40, "num_statements": 40, "percent_covered": 100.0, "percent_covered_display": "100", "missing_lines": 0, "excluded_lines": 0}, "missing_lines": [], "excluded_lines": []}, "keras_nlp/src/models/mistral/mistral_causal_lm.py": {"executed_lines": [15, 16, 18, 19, 20, 21, 24, 27, 28, 29, 50, 51, 53, 55, 56, 59, 60, 61, 62, 68, 109, 129, 204, 290, 295, 301, 302, 304, 306, 307, 309, 311, 312, 314, 315, 316, 318, 319, 321, 322, 324, 327, 328], "summary": {"covered_lines": 42, "num_statements": 82, "percent_covered": 51.21951219512195, "percent_covered_display": "51", "missing_lines": 40, "excluded_lines": 0}, "missing_lines": [93, 95, 96, 97, 98, 103, 104, 105, 106, 107, 111, 112, 113, 114, 115, 116, 124, 126, 127, 147, 149, 151, 153, 155, 157, 158, 159, 160, 165, 171, 183, 186, 190, 192, 193, 195, 198, 199, 291, 296], "excluded_lines": []}, "keras_nlp/src/models/mistral/mistral_causal_lm_preprocessor.py": {"executed_lines": [15, 16, 18, 19, 22, 25, 28, 29, 30, 96, 103, 110, 112, 113, 115, 122, 127, 128, 130, 146, 147, 149, 150, 151, 154, 159, 169, 170, 174, 175], "summary": {"covered_lines": 29, "num_statements": 30, "percent_covered": 96.66666666666667, "percent_covered_display": "97", "missing_lines": 1, "excluded_lines": 0}, "missing_lines": [104], "excluded_lines": []}, "keras_nlp/src/models/mistral/mistral_layer_norm.py": {"executed_lines": [14, 15, 21, 22, 24, 25, 26, 28, 29, 30, 37, 39, 40, 41, 42, 43, 45], "summary": {"covered_lines": 16, "num_statements": 19, "percent_covered": 84.21052631578948, "percent_covered_display": "84", "missing_lines": 3, "excluded_lines": 0}, "missing_lines": [46, 47, 48], "excluded_lines": []}, "keras_nlp/src/models/mistral/mistral_preprocessor.py": {"executed_lines": [15, 17, 18, 19, 20, 21, 26, 27, 28, 114, 116, 124, 125, 126, 127, 128, 129, 131, 134, 140, 142, 143, 144, 151, 153, 160, 161, 168, 169, 175, 179, 181, 182, 184, 186, 187, 188, 189, 190], "summary": {"covered_lines": 38, "num_statements": 39, "percent_covered": 97.43589743589743, "percent_covered_display": "97", "missing_lines": 1, "excluded_lines": 0}, "missing_lines": [162], "excluded_lines": []}, "keras_nlp/src/models/mistral/mistral_presets.py": {"executed_lines": [14, 17], "summary": {"covered_lines": 2, "num_statements": 2, "percent_covered": 100.0, "percent_covered_display": "100", "missing_lines": 0, "excluded_lines": 0}, "missing_lines": [], "excluded_lines": []}, "keras_nlp/src/models/mistral/mistral_tokenizer.py": {"executed_lines": [15, 16, 21, 22, 23, 63, 64, 65, 66, 68, 69, 70, 71, 72, 73, 78, 79, 81, 82], "summary": {"covered_lines": 18, "num_statements": 18, "percent_covered": 100.0, "percent_covered_display": "100", "missing_lines": 0, "excluded_lines": 0}, "missing_lines": [], "excluded_lines": []}, "keras_nlp/src/models/mistral/mistral_transformer_decoder.py": {"executed_lines": [14, 15, 17, 20, 23, 26, 29, 32, 33, 35, 49, 50, 51, 52, 54, 55, 57, 59, 60, 61, 62, 64, 66, 67, 68, 71, 82, 84, 89, 90, 97, 104, 106, 113, 115, 123, 129, 134, 136, 138, 147, 154, 156, 159, 166, 167, 169, 171, 172, 174, 175, 184, 185, 186, 188, 190, 192, 194, 195, 196, 198, 206, 209, 210, 214, 215, 217, 224, 229, 233, 234, 235, 236, 238, 244, 245, 247], "summary": {"covered_lines": 76, "num_statements": 79, "percent_covered": 96.20253164556962, "percent_covered_display": "96", "missing_lines": 3, "excluded_lines": 0}, "missing_lines": [248, 249, 265], "excluded_lines": []}, "keras_nlp/src/models/opt/__init__.py": {"executed_lines": [15, 16, 17, 18, 20], "summary": {"covered_lines": 5, "num_statements": 5, "percent_covered": 100.0, "percent_covered_display": "100", "missing_lines": 0, "excluded_lines": 0}, "missing_lines": [], "excluded_lines": []}, "keras_nlp/src/models/opt/opt_backbone.py": {"executed_lines": [16, 18, 19, 22, 23, 26, 27, 30, 31, 32, 87, 100, 108, 109, 110, 111, 122, 123, 131, 134, 137, 138, 139, 140, 141, 152, 153, 154, 155, 156, 157, 158, 160, 161, 162, 173], "summary": {"covered_lines": 35, "num_statements": 35, "percent_covered": 100.0, "percent_covered_display": "100", "missing_lines": 0, "excluded_lines": 0}, "missing_lines": [], "excluded_lines": []}, "keras_nlp/src/models/opt/opt_causal_lm.py": {"executed_lines": [16, 18, 19, 20, 21, 24, 27, 28, 29, 150, 151, 153, 160, 161, 164, 165, 166, 167, 173, 215, 228], "summary": {"covered_lines": 20, "num_statements": 59, "percent_covered": 33.898305084745765, "percent_covered_display": "34", "missing_lines": 39, "excluded_lines": 0}, "missing_lines": [198, 200, 201, 202, 203, 208, 209, 210, 211, 212, 213, 217, 218, 219, 220, 221, 222, 223, 225, 226, 246, 248, 250, 252, 254, 256, 257, 258, 259, 264, 270, 282, 285, 289, 291, 292, 294, 297, 298], "excluded_lines": []}, "keras_nlp/src/models/opt/opt_causal_lm_preprocessor.py": {"executed_lines": [15, 16, 18, 19, 20, 23, 26, 27, 28, 95, 102, 109, 111, 112, 114, 121, 126, 127, 129, 145, 146, 148, 149, 150, 153, 158, 168, 169, 171, 172, 176, 177], "summary": {"covered_lines": 31, "num_statements": 32, "percent_covered": 96.875, "percent_covered_display": "97", "missing_lines": 1, "excluded_lines": 0}, "missing_lines": [103], "excluded_lines": []}, "keras_nlp/src/models/opt/opt_preprocessor.py": {"executed_lines": [16, 18, 19, 20, 21, 22, 27, 28, 29, 110, 112, 120, 122, 123, 124, 125, 126, 128, 131, 138, 140, 141, 142, 149, 151, 158, 159, 166, 167, 173, 177, 179, 180, 182, 184, 185, 186, 187, 188], "summary": {"covered_lines": 38, "num_statements": 39, "percent_covered": 97.43589743589743, "percent_covered_display": "97", "missing_lines": 1, "excluded_lines": 0}, "missing_lines": [160], "excluded_lines": []}, "keras_nlp/src/models/opt/opt_presets.py": {"executed_lines": [14, 17], "summary": {"covered_lines": 2, "num_statements": 2, "percent_covered": 100.0, "percent_covered_display": "100", "missing_lines": 0, "excluded_lines": 0}, "missing_lines": [], "excluded_lines": []}, "keras_nlp/src/models/opt/opt_tokenizer.py": {"executed_lines": [16, 17, 20, 21, 22, 68, 74, 75, 76, 78, 89, 90, 92, 94, 95, 102, 103, 104, 106, 107, 108, 110, 111, 115, 116], "summary": {"covered_lines": 24, "num_statements": 25, "percent_covered": 96.0, "percent_covered_display": "96", "missing_lines": 1, "excluded_lines": 0}, "missing_lines": [96], "excluded_lines": []}, "keras_nlp/src/models/pali_gemma/__init__.py": {"executed_lines": [14, 17, 18, 21, 23], "summary": {"covered_lines": 5, "num_statements": 5, "percent_covered": 100.0, "percent_covered_display": "100", "missing_lines": 0, "excluded_lines": 0}, "missing_lines": [], "excluded_lines": []}, "keras_nlp/src/models/pali_gemma/pali_gemma_backbone.py": {"executed_lines": [14, 15, 17, 18, 21, 22, 23, 26, 29, 30, 31, 119, 144, 158, 159, 173, 174, 175, 185, 186, 193, 194, 197, 200, 203, 204, 205, 208, 209, 210, 215, 216, 229, 230, 231, 232, 233, 234, 235, 236, 237, 238, 239, 241, 242, 243, 244, 245, 246, 247, 248, 250, 252, 253, 254, 277], "summary": {"covered_lines": 55, "num_statements": 55, "percent_covered": 100.0, "percent_covered_display": "100", "missing_lines": 0, "excluded_lines": 0}, "missing_lines": [], "excluded_lines": []}, "keras_nlp/src/models/pali_gemma/pali_gemma_causal_lm.py": {"executed_lines": [14, 16, 17, 18, 21, 24, 27, 28, 29, 112, 113, 115, 122, 123, 126, 127, 128, 129, 130, 136, 145, 153, 210, 231], "summary": {"covered_lines": 23, "num_statements": 68, "percent_covered": 33.8235294117647, "percent_covered_display": "34", "missing_lines": 45, "excluded_lines": 0}, "missing_lines": [184, 185, 189, 190, 192, 195, 196, 197, 198, 204, 205, 206, 207, 208, 212, 213, 216, 217, 218, 219, 220, 222, 229, 245, 250, 253, 254, 257, 261, 263, 265, 267, 268, 269, 270, 275, 281, 293, 296, 300, 302, 303, 305, 308, 309], "excluded_lines": []}, "keras_nlp/src/models/pali_gemma/pali_gemma_causal_lm_preprocessor.py": {"executed_lines": [14, 15, 16, 18, 19, 22, 25, 
[...]
, 220, 222, 232, 233, 234, 236, 237], "summary": {"covered_lines": 53, "num_statements": 84, "percent_covered": 63.095238095238095, "percent_covered_display": "63", "missing_lines": 31, "excluded_lines": 1}, "missing_lines": [82, 83, 84, 85, 105, 156, 158, 159, 160, 162, 163, 165, 166, 168, 169, 174, 179, 180, 182, 183, 184, 185, 186, 191, 193, 194, 197, 200, 205, 211, 212], "excluded_lines": [230]}, "keras_nlp/src/samplers/serialization.py": {"executed_lines": [15, 17, 18, 19, 20, 21, 22, 23, 26, 27, 28, 31, 32, 34, 42, 50, 51, 81, 83, 84, 85, 86, 91, 92, 93], "summary": {"covered_lines": 25, "num_statements": 28, "percent_covered": 89.28571428571429, "percent_covered_display": "89", "missing_lines": 3, "excluded_lines": 0}, "missing_lines": [82, 87, 95], "excluded_lines": []}, "keras_nlp/src/samplers/top_k_sampler.py": {"executed_lines": [15, 16, 18, 19, 22, 23, 24, 52, 58, 59, 60, 61, 63, 65, 71, 81, 82, 84, 85, 86, 92], "summary": {"covered_lines": 20, "num_statements": 20, "percent_covered": 100.0, "percent_covered_display": "100", "missing_lines": 0, "excluded_lines": 0}, "missing_lines": [], "excluded_lines": []}, "keras_nlp/src/samplers/top_p_sampler.py": {"executed_lines": [15, 16, 18, 19, 22, 23, 24, 60, 67, 68, 69, 70, 71, 73, 74, 75, 77, 78, 82, 84, 86, 90, 95, 101, 102, 104], "summary": {"covered_lines": 25, "num_statements": 28, "percent_covered": 89.28571428571429, "percent_covered_display": "89", "missing_lines": 3, "excluded_lines": 0}, "missing_lines": [105, 106, 113], "excluded_lines": []}, "keras_nlp/src/tests/__init__.py": {"executed_lines": [1], "summary": {"covered_lines": 0, "num_statements": 0, "percent_covered": 100.0, "percent_covered_display": "100", "missing_lines": 0, "excluded_lines": 0}, "missing_lines": [], "excluded_lines": []}, "keras_nlp/src/tests/doc_tests/__init__.py": {"executed_lines": [1], "summary": {"covered_lines": 0, "num_statements": 0, "percent_covered": 100.0, "percent_covered_display": "100", "missing_lines": 0, "excluded_lines": 0}, "missing_lines": [], "excluded_lines": []}, "keras_nlp/src/tests/doc_tests/docstring_lib.py": {"executed_lines": [15, 16, 17, 19, 22, 23, 36, 72, 89, 90, 91, 92, 93, 95, 97, 100, 101, 103, 104, 105, 106, 107, 109, 112, 114, 115, 117, 118, 119, 121, 129, 162, 163, 165, 170, 173, 174, 175, 179, 180, 183, 185, 188, 191, 195, 197, 199, 200, 204], "summary": {"covered_lines": 47, "num_statements": 57, "percent_covered": 82.45614035087719, "percent_covered_display": "82", "missing_lines": 10, "excluded_lines": 0}, "missing_lines": [166, 189, 202, 205, 211, 212, 213, 218, 219, 220], "excluded_lines": []}, "keras_nlp/src/tests/doc_tests/fenced_docstring_lib.py": {"executed_lines": [15, 16, 17, 18, 19, 21, 22, 27, 28, 38, 40, 84, 114, 128], "summary": {"covered_lines": 13, "num_statements": 46, "percent_covered": 28.26086956521739, "percent_covered_display": "28", "missing_lines": 33, "excluded_lines": 0}, "missing_lines": [23, 24, 41, 43, 47, 48, 58, 61, 62, 87, 88, 89, 90, 94, 95, 97, 99, 100, 101, 102, 104, 111, 124, 125, 164, 166, 168, 170, 171, 173, 189, 193, 195], "excluded_lines": []}, "keras_nlp/src/tests/test_case.py": {"executed_lines": [15, 16, 17, 18, 20, 21, 22, 23, 24, 26, 27, 28, 29, 32, 38, 39, 40, 41, 42, 43, 44, 45, 46, 47, 48, 51, 52, 54, 57, 59, 61, 62, 63, 65, 66, 67, 68, 70, 71, 72, 73, 75, 76, 77, 79, 94, 95, 97, 98, 99, 104, 109, 115, 116, 119, 124, 125, 130, 131, 133, 134, 135, 136, 137, 139, 140, 141, 143, 145, 148, 151, 153, 154, 155, 158, 159, 160, 161, 163, 164, 167, 170, 171, 172, 174, 175, 176, 179, 180, 181, 183, 184, 186, 187, 189, 190, 192, 201, 203, 205, 208, 210, 212, 215, 216, 217, 218, 219, 222, 223, 226, 227, 229, 230, 232, 242, 250, 251, 252, 254, 255, 256, 257, 259, 260, 261, 263, 264, 265, 266, 268, 272, 277, 278, 279, 280, 281, 282, 283, 284, 285, 286, 289, 290, 291, 294, 295, 296, 297, 298, 299, 300, 302, 304, 306, 312, 313, 314, 315, 316, 317, 318, 319, 320, 322, 323, 324, 325, 326, 327, 328, 329, 330, 331, 332, 333, 334, 335, 336, 337, 338, 339, 341, 342, 343, 344, 345, 346, 347, 349, 352, 353, 354, 355, 359, 361, 362, 368, 369, 370, 372, 373, 374, 375, 377, 378, 380, 387, 388, 389, 390, 391, 394, 397, 398, 400, 411, 413, 416, 417, 418, 419, 421, 424, 427, 430, 434, 435, 438, 440, 442, 443, 446, 447, 448, 451, 452, 455, 456, 458, 467, 469, 470, 471, 472, 475, 476, 477, 478, 480, 481, 483, 484, 485, 486, 489, 491, 493, 494, 495, 497, 508, 509, 511, 513, 517, 519, 520, 523, 525, 526, 528, 529, 530, 532, 535, 536, 537, 538, 539, 541, 543, 544], "summary": {"covered_lines": 282, "num_statements": 292, "percent_covered": 96.57534246575342, "percent_covered_display": "97", "missing_lines": 10, "excluded_lines": 0}, "missing_lines": [58, 60, 301, 307, 309, 310, 363, 364, 366, 515], "excluded_lines": []}, "keras_nlp/src/tokenizers/__init__.py": {"executed_lines": [15, 16, 17, 20, 23, 24, 27, 28], "summary": {"covered_lines": 8, "num_statements": 8, "percent_covered": 100.0, "percent_covered_display": "100", "missing_lines": 0, "excluded_lines": 0}, "missing_lines": [], "excluded_lines": []}, "keras_nlp/src/tokenizers/byte_pair_tokenizer.py": {"executed_lines": [15, 22, 23, 24, 26, 27, 29, 30, 31, 32, 33, 35, 36, 37, 42, 43, 48, 51, 56, 59, 62, 65, 66, 68, 69, 70, 71, 72, 75, 76, 81, 82, 84, 85, 86, 87, 88, 89, 90, 91, 94, 96, 97, 98, 99, 100, 104, 107, 113, 116, 119, 120, 121, 122, 123, 124, 125, 127, 130, 132, 133, 134, 137, 138, 139, 142, 143, 156, 160, 163, 167, 171, 179, 181, 182, 184, 185, 187, 189, 192, 193, 202, 203, 204, 275, 285, 291, 292, 293, 294, 295, 299, 300, 303, 307, 309, 310, 311, 312, 313, 314, 315, 316, 318, 319, 320, 321, 323, 325, 327, 328, 329, 330, 331, 332, 333, 334, 336, 337, 338, 339, 340, 342, 347, 348, 349, 350, 351, 358, 359, 362, 367, 368, 369, 374, 382, 383, 389, 391, 392, 394, 396, 397, 399, 404, 406, 407, 408, 410, 412, 414, 415, 417, 498, 500, 503, 504, 506, 507, 519, 521, 522, 529, 530, 531, 532, 534, 535, 537, 538, 539, 541, 542, 543, 546, 547, 549, 553, 554, 555, 556, 560, 566, 567, 569, 572, 578, 579, 580, 581, 584, 585, 586, 588, 590, 591, 592, 593, 594, 597, 598, 602, 603, 604, 606, 611, 613, 614, 615, 617, 619, 620, 624, 627, 629, 630, 631, 638], "summary": {"covered_lines": 216, "num_statements": 254, "percent_covered": 85.03937007874016, "percent_covered_display": "85", "missing_lines": 38, "excluded_lines": 0}, "missing_lines": [38, 39, 40, 286, 353, 409, 420, 423, 424, 425, 426, 427, 428, 429, 432, 433, 436, 437, 440, 443, 444, 446, 447, 452, 454, 457, 461, 462, 464, 467, 474, 482, 483, 489, 495, 496, 523, 607], "excluded_lines": []}, "keras_nlp/src/tokenizers/byte_tokenizer.py": {"executed_lines": [15, 17, 18, 25, 26, 27, 28, 30, 31, 36, 37, 38, 162, 172, 179, 187, 193, 195, 196, 197, 198, 199, 201, 205, 207, 209, 215, 216, 217, 219, 220, 221, 224, 225, 228, 229, 232, 233, 236, 239, 240, 241, 242, 244, 245, 246, 248, 249, 252, 254, 259, 266, 267, 268, 270, 272, 277, 279, 281, 282, 286, 288, 289, 290, 299], "summary": {"covered_lines": 64, "num_statements": 77, "percent_covered": 83.11688311688312, "percent_covered_display": "83", "missing_lines": 13, "excluded_lines": 0}, "missing_lines": [19, 20, 32, 33, 173, 180, 188, 210, 211, 212, 213, 273, 283], "excluded_lines": []}, "keras_nlp/src/tokenizers/sentence_piece_tokenizer.py": {"executed_lines": [15, 16, 17, 19, 21, 22, 29, 30, 31, 32, 33, 34, 36, 37, 42, 45, 46, 47, 113, 120, 126, 128, 129, 130, 131, 133, 134, 135, 136, 138, 139, 140, 142, 143, 144, 145, 146, 148, 153, 154, 160, 161, 162, 163, 171, 177, 179, 181, 182, 184, 186, 187, 193, 195, 196, 197, 201, 203, 205, 206, 208, 209, 210, 216, 218, 219, 225, 226, 227, 228, 229, 230, 231, 233, 239, 242, 243, 244, 245, 248, 249, 250, 252, 254, 255, 256, 258, 259, 260, 261, 262, 264], "summary": {"covered_lines": 91, "num_statements": 105, "percent_covered": 86.66666666666667, "percent_covered_display": "87", "missing_lines": 14, "excluded_lines": 0}, "missing_lines": [23, 24, 38, 39, 121, 155, 156, 157, 158, 159, 165, 220, 234, 265], "excluded_lines": []}, "keras_nlp/src/tokenizers/sentence_piece_tokenizer_trainer.py": {"executed_lines": [15, 17, 18, 25, 26, 30, 33, 34, 100, 107, 108, 113, 119, 122, 123, 124, 136, 147, 148, 150], "summary": {"covered_lines": 20, "num_statements": 26, "percent_covered": 76.92307692307692, "percent_covered_display": "77", "missing_lines": 6, "excluded_lines": 0}, "missing_lines": [19, 20, 27, 28, 101, 114], "excluded_lines": []}, "keras_nlp/src/tokenizers/tokenizer.py": {"executed_lines": [14, 16, 17, 20, 21, 22, 23, 24, 25, 26, 27, 28, 29, 30, 31, 34, 40, 41, 82, 83, 84, 86, 94, 100, 113, 120, 127, 134, 141, 147, 152, 154, 155, 157, 158, 159, 160, 163, 164, 166, 167, 169, 170, 171, 172, 174, 175, 219, 220, 221, 223, 226, 227, 233, 234, 235], "summary": {"covered_lines": 54, "num_statements": 54, "percent_covered": 100.0, "percent_covered_display": "100", "missing_lines": 0, "excluded_lines": 6}, "missing_lines": [], "excluded_lines": [94, 108, 115, 122, 129, 136]}, "keras_nlp/src/tokenizers/unicode_codepoint_tokenizer.py": {"executed_lines": [16, 17, 18, 19, 21, 22, 23, 29, 30, 31, 207, 220, 227, 235, 242, 243, 244, 249, 251, 252, 253, 254, 255, 256, 257, 258, 260, 261, 262, 274, 276, 279, 281, 287, 288, 289, 291, 292, 293, 296, 297, 300, 301, 303, 309, 311, 312, 313, 314, 316, 317, 321, 322, 324, 326, 327, 328, 329, 335, 336, 337, 339, 341, 346, 348, 350, 351, 355], "summary": {"covered_lines": 67, "num_statements": 79, "percent_covered": 84.81012658227849, "percent_covered_display": "85", "missing_lines": 12, "excluded_lines": 0}, "missing_lines": [24, 25, 26, 221, 228, 236, 282, 283, 284, 285, 342, 352], "excluded_lines": []}, "keras_nlp/src/tokenizers/word_piece_tokenizer.py": {"executed_lines": [15, 16, 17, 19, 21, 22, 23, 24, 25, 27, 28, 29, 34, 37, 47, 63, 77, 85, 93, 101, 102, 104, 107, 144, 150, 151, 152, 153, 154, 156, 158, 159, 160, 161, 162, 166, 174, 180, 183, 188, 189, 192, 196, 198, 200, 203, 204, 205, 343, 358, 364, 365, 366, 368, 369, 370, 371, 372, 373, 374, 375, 376, 377, 385, 388, 389, 391, 392, 393, 394, 395, 397, 398, 399, 401, 403, 404, 405, 406, 408, 409, 410, 411, 413, 420, 421, 430, 431, 432, 439, 448, 450, 451, 453, 455, 456, 458, 460, 461, 462, 466, 468, 473, 474, 476, 477, 478, 490, 492, 493, 499, 500, 501, 502, 504, 505, 515, 519, 522, 523, 524, 525, 527, 528, 529, 531, 533, 534, 535, 536, 537, 538, 539, 541], "summary": {"covered_lines": 133, "num_statements": 145, "percent_covered": 91.72413793103448, "percent_covered_display": "92", "missing_lines": 12, "excluded_lines": 0}, "missing_lines": [30, 31, 32, 103, 145, 164, 165, 359, 415, 433, 494, 542], "excluded_lines": []}, "keras_nlp/src/tokenizers/word_piece_tokenizer_trainer.py": {"executed_lines": [16, 17, 19, 20, 21, 29, 30, 132, 133, 137, 139, 140, 146, 148, 153, 159, 161, 168, 169, 170, 171, 173, 174, 176], "summary": {"covered_lines": 24, "num_statements": 27, "percent_covered": 88.88888888888889, "percent_covered_display": "89", "missing_lines": 3, "excluded_lines": 0}, "missing_lines": [24, 25, 26], "excluded_lines": []}, "keras_nlp/src/utils/__init__.py": {"executed_lines": [1], "summary": {"covered_lines": 0, "num_statements": 0, "percent_covered": 100.0, "percent_covered_display": "100", "missing_lines": 0, "excluded_lines": 0}, "missing_lines": [], "excluded_lines": []}, "keras_nlp/src/utils/keras_utils.py": {"executed_lines": [15, 17, 18, 19, 21, 23, 24, 29, 36, 37, 38, 39, 42, 62, 63, 64, 67, 69, 72, 73, 75, 76, 81, 87, 90, 103, 104, 105, 108, 109, 112, 113], "summary": {"covered_lines": 32, "num_statements": 42, "percent_covered": 76.19047619047619, "percent_covered_display": "76", "missing_lines": 10, "excluded_lines": 0}, "missing_lines": [25, 26, 78, 93, 94, 95, 97, 98, 100, 114], "excluded_lines": []}, "keras_nlp/src/utils/pipeline_model.py": {"executed_lines": [15, 16, 18, 19, 20, 22, 24, 25, 30, 40, 41, 42, 46, 47, 52, 53, 58, 60, 61, 63, 64, 65, 66, 67, 68, 70, 71, 72, 76, 77, 85, 88, 94, 95, 97, 98, 99, 100, 105, 108, 109, 110, 111, 112, 115, 116, 118, 129, 130, 131, 132, 134, 137, 141, 144, 145, 146, 148, 152, 153, 155, 157, 162, 172, 173, 177, 178, 182, 183, 184, 187, 191, 200, 212, 213, 214, 217, 224, 230, 231, 234, 240, 247, 248, 249, 250, 251, 252, 253, 254, 261, 268, 269, 270, 271, 272, 273, 274, 275, 282, 287, 288, 289, 290], "summary": {"covered_lines": 103, "num_statements": 108, "percent_covered": 95.37037037037037, "percent_covered_display": "95", "missing_lines": 5, "excluded_lines": 0}, "missing_lines": [26, 27, 83, 106, 119], "excluded_lines": []}, "keras_nlp/src/utils/preset_utils.py": {"executed_lines": [15, 16, 17, 18, 19, 20, 22, 23, 24, 26, 27, 29, 30, 37, 38, 39, 43, 44, 45, 46, 50, 51, 52, 54, 55, 56, 58, 61, 62, 63, 64, 65, 68, 69, 72, 73, 74, 75, 76, 79, 80, 83, 89, 90, 91, 92, 95, 97, 100, 102, 103, 104, 105, 106, 107, 110, 113, 114, 117, 118, 120, 121, 122, 124, 125, 130, 131, 132, 140, 141, 142, 143, 144, 145, 149, 159, 174, 175, 180, 181, 182, 185, 191, 192, 193, 194, 198, 199, 201, 202, 203, 206, 208, 220, 245, 246, 247, 248, 249, 250, 253, 267, 269, 270, 271, 272, 275, 276, 279, 280, 281, 282, 283, 286, 292, 293, 294, 295, 296, 297, 298, 299, 302, 303, 305, 306, 312, 313, 314, 317, 318, 319, 325, 330, 331, 332, 333, 334, 335, 358, 359, 360, 361, 364, 365, 366, 367, 368, 373, 374, 375, 380, 385, 442, 453, 454, 475, 478, 479, 536, 537, 538, 539, 540, 543, 544, 547, 549, 550, 555, 556, 557, 561, 564, 565, 566, 570, 571, 573, 574, 577, 582, 583, 584, 585, 588, 592, 598, 599, 600, 602, 603, 605, 617], "summary": {"covered_lines": 194, "num_statements": 321, "percent_covered": 60.43613707165109, "percent_covered_display": "60", "missing_lines": 127, "excluded_lines": 0}, "missing_lines": [31, 32, 40, 41, 47, 48, 126, 133, 150, 151, 152, 153, 157, 160, 161, 162, 163, 164, 165, 170, 171, 176, 186, 222, 223, 225, 226, 227, 228, 229, 231, 232, 233, 234, 235, 236, 239, 240, 242, 256, 258, 259, 260, 261, 262, 263, 264, 320, 323, 339, 341, 342, 343, 344, 345, 349, 350, 352, 353, 354, 355, 381, 382, 386, 387, 389, 390, 396, 397, 398, 399, 406, 407, 408, 409, 410, 411, 412, 414, 417, 422, 423, 427, 428, 429, 430, 431, 432, 438, 439, 443, 444, 445, 446, 447, 476, 481, 482, 483, 487, 488, 492, 493, 494, 495, 496, 500, 501, 502, 505, 506, 512, 515, 517, 518, 519, 523, 526, 528, 593, 594, 595, 606, 613, 614, 615, 616], "excluded_lines": []}, "keras_nlp/src/utils/python_utils.py": {"executed_lines": [14, 17, 18, 20, 21], "summary": {"covered_lines": 4, "num_statements": 4, "percent_covered": 100.0, "percent_covered_display": "100", "missing_lines": 0, "excluded_lines": 0}, "missing_lines": [], "excluded_lines": []}, "keras_nlp/src/utils/tensor_utils.py": {"executed_lines": [15, 16, 18, 19, 20, 26, 28, 30, 33, 36, 42, 44, 45, 46, 47, 48, 49, 50, 51, 52, 55, 72, 91, 92, 93, 94, 97, 99, 100, 101, 102, 103, 104, 105, 106, 107, 114, 119, 120, 121, 122, 123, 124, 125, 128, 136, 138, 139, 140, 141, 142, 143, 144, 147, 148, 161, 162, 169, 170, 173, 174, 177, 178, 181, 182, 185, 201, 202, 203, 204, 206], "summary": {"covered_lines": 71, "num_statements": 88, "percent_covered": 80.68181818181819, "percent_covered_display": "81", "missing_lines": 17, "excluded_lines": 0}, "missing_lines": [21, 22, 23, 43, 65, 66, 67, 68, 69, 109, 115, 130, 131, 132, 133, 149, 163], "excluded_lines": []}, "keras_nlp/src/utils/transformers/__init__.py": {"executed_lines": [1], "summary": {"covered_lines": 0, "num_statements": 0, "percent_covered": 100.0, "percent_covered_display": "100", "missing_lines": 0, "excluded_lines": 0}, "missing_lines": [], "excluded_lines": []}, "keras_nlp/src/utils/transformers/convert.py": {"executed_lines": [14, 17, 18, 19, 22, 25, 26, 27, 28, 29, 30, 33, 36, 41, 53, 55, 56, 57, 58, 59, 60, 61, 62, 63, 64, 65, 66, 67, 73, 84, 86, 87, 88, 89, 90, 91, 92, 93, 94, 95, 96, 97, 98], "summary": {"covered_lines": 43, "num_statements": 45, "percent_covered": 95.55555555555556, "percent_covered_display": "96", "missing_lines": 2, "excluded_lines": 0}, "missing_lines": [54, 85], "excluded_lines": []}, "keras_nlp/src/utils/transformers/convert_bert.py": {"executed_lines": [14, 16, 17, 18, 19, 20, 21, 24, 25, 34, 36, 40, 46, 50, 54, 59, 60, 63, 64, 65, 66, 68, 73, 78, 83, 88, 93, 98, 103, 109, 113, 118, 123, 127, 132, 137, 141, 146, 151, 157, 158, 159, 160, 161, 162, 163, 164, 165, 168, 169, 170], "summary": {"covered_lines": 51, "num_statements": 51, "percent_covered": 100.0, "percent_covered_display": "100", "missing_lines": 0, "excluded_lines": 0}, "missing_lines": [], "excluded_lines": []}, "keras_nlp/src/utils/transformers/convert_distilbert.py": {"executed_lines": [14, 16, 17, 18, 19, 20, 21, 24, 25, 36, 38, 44, 52, 53, 56, 60, 64, 68, 75, 82, 91, 98, 107, 114, 123, 130, 136, 141, 145, 150, 156, 160, 165, 168, 169, 170, 171, 172, 173, 174, 175, 176, 179, 180, 181], "summary": {"covered_lines": 45, "num_statements": 45, "percent_covered": 100.0, "percent_covered_display": "100", "missing_lines": 0, "excluded_lines": 0}, "missing_lines": [], "excluded_lines": []}, "keras_nlp/src/utils/transformers/convert_gemma.py": {"executed_lines": [14, 16, 17, 18, 19, 20, 23, 24, 25, 27, 36, 38, 61, 64, 66, 72, 73, 75, 80, 81, 86, 87, 91, 92, 97, 98, 104, 115, 126, 137, 150, 155, 160, 167, 172, 175, 176, 177, 178, 179, 180, 181, 182, 183, 186, 187], "summary": {"covered_lines": 46, "num_statements": 46, "percent_covered": 100.0, "percent_covered_display": "100", "missing_lines": 0, "excluded_lines": 0}, "missing_lines": [], "excluded_lines": []}, "keras_nlp/src/utils/transformers/convert_gpt2.py": {"executed_lines": [14, 16, 17, 18, 19, 20, 23, 24, 35, 37, 41, 47, 48, 51, 55, 59, 63, 69, 72, 79, 88, 95, 104, 111, 120, 127, 133, 140, 144, 151, 157, 161, 166, 169, 170, 171, 172, 173, 174, 175, 176, 177, 180, 181, 182, 183], "summary": {"covered_lines": 46, "num_statements": 46, "percent_covered": 100.0, "percent_covered_display": "100", "missing_lines": 0, "excluded_lines": 0}, "missing_lines": [], "excluded_lines": []}, "keras_nlp/src/utils/transformers/convert_llama3.py": {"executed_lines": [14, 16, 17, 18, 19, 22, 23, 33, 34, 38, 45, 46, 49, 50, 52, 56, 62, 67, 72, 77, 86, 92, 98, 106, 111, 114, 115, 116, 117, 118, 119, 120, 121, 122, 125, 126, 127, 128, 130, 131, 133, 134, 136], "summary": {"covered_lines": 43, "num_statements": 43, "percent_covered": 100.0, "percent_covered_display": "100", "missing_lines": 0, "excluded_lines": 0}, "missing_lines": [], "excluded_lines": []}, "keras_nlp/src/utils/transformers/convert_pali_gemma.py": {"executed_lines": [14, 16, 17, 18, 19, 20, 23, 24, 25, 26, 47, 51, 54, 59, 66, 72, 77, 83, 84, 86, 91, 96, 101, 106, 112, 117, 123, 128, 133, 139, 144, 150, 155, 161, 166, 173, 181, 189, 190, 193, 197, 203, 214, 225, 236, 249, 254, 259, 266, 272, 278, 281, 282, 283, 284, 285, 286, 287, 288, 289, 292, 303], "summary": {"covered_lines": 62, "num_statements": 62, "percent_covered": 100.0, "percent_covered_display": "100", "missing_lines": 0, "excluded_lines": 0}, "missing_lines": [], "excluded_lines": []}, "keras_nlp/src/utils/transformers/safetensor_utils.py": {"executed_lines": [14, 16, 17, 18, 19, 20, 22, 23, 28, 29, 30, 32, 39, 40, 41, 43, 44, 45, 47, 61, 62, 64, 65, 69, 70, 72, 73, 74, 76, 79, 81, 82, 84, 85, 88, 90, 91, 93, 94, 95, 96, 97], "summary": {"covered_lines": 42, "num_statements": 47, "percent_covered": 89.36170212765957, "percent_covered_display": "89", "missing_lines": 5, "excluded_lines": 0}, "missing_lines": [24, 25, 33, 66, 67], "excluded_lines": []}, "keras_nlp/src/version_utils.py": {"executed_lines": [15, 18, 21, 22], "summary": {"covered_lines": 4, "num_statements": 5, "percent_covered": 80.0, "percent_covered_display": "80", "missing_lines": 1, "excluded_lines": 0}, "missing_lines": [23], "excluded_lines": []}}, "totals": {"covered_lines": 10066, "num_statements": 11377, "percent_covered": 88.47675134042366, "percent_covered_display": "88", "missing_lines": 1311, "excluded_lines": 9}}